[2022-07-18 11:56:06,762] INFO [ControllerEventThread controllerId=0] Starting (kafka.controller.ControllerEventManager$ControllerEventThread)
[2022-07-18 11:56:06,793] INFO [Controller id=0] 0 successfully elected as the controller. Epoch incremented to 1 and epoch zk version is now 1 (kafka.controller.KafkaController)
[2022-07-18 11:56:06,797] INFO [Controller id=0] Creating FeatureZNode at path: /feature with contents: FeatureZNode(Enabled,Features{}) (kafka.controller.KafkaController)
[2022-07-18 11:56:06,860] INFO [Controller id=0] Registering handlers (kafka.controller.KafkaController)
[2022-07-18 11:56:06,864] INFO [Controller id=0] Deleting log dir event notifications (kafka.controller.KafkaController)
[2022-07-18 11:56:06,868] INFO [Controller id=0] Deleting isr change notifications (kafka.controller.KafkaController)
[2022-07-18 11:56:06,870] INFO [Controller id=0] Initializing controller context (kafka.controller.KafkaController)
[2022-07-18 11:56:06,885] INFO [Controller id=0] Initialized broker epochs cache: Map(0 -> 25) (kafka.controller.KafkaController)
[2022-07-18 11:56:06,893] DEBUG [Controller id=0] Register BrokerModifications handler for Set(0) (kafka.controller.KafkaController)
[2022-07-18 11:56:06,899] DEBUG [Channel manager on controller 0]: Controller 0 trying to connect to broker 0 (kafka.controller.ControllerChannelManager)
[2022-07-18 11:56:06,908] INFO [RequestSendThread controllerId=0] Starting (kafka.controller.RequestSendThread)
[2022-07-18 11:56:06,908] INFO [Controller id=0] Currently active brokers in the cluster: Set(0) (kafka.controller.KafkaController)
[2022-07-18 11:56:06,908] INFO [Controller id=0] Currently shutting brokers in the cluster: Set() (kafka.controller.KafkaController)
[2022-07-18 11:56:06,908] INFO [Controller id=0] Current list of topics in the cluster: Set() (kafka.controller.KafkaController)
[2022-07-18 11:56:06,908] INFO [Controller id=0] Fetching topic deletions in progress (kafka.controller.KafkaController)
[2022-07-18 11:56:06,912] INFO [Controller id=0] List of topics to be deleted:  (kafka.controller.KafkaController)
[2022-07-18 11:56:06,912] INFO [Controller id=0] List of topics ineligible for deletion:  (kafka.controller.KafkaController)
[2022-07-18 11:56:06,912] INFO [Controller id=0] Initializing topic deletion manager (kafka.controller.KafkaController)
[2022-07-18 11:56:06,913] INFO [Topic Deletion Manager 0] Initializing manager with initial deletions: Set(), initial ineligible deletions: Set() (kafka.controller.TopicDeletionManager)
[2022-07-18 11:56:06,913] INFO [Controller id=0] Sending update metadata request (kafka.controller.KafkaController)
[2022-07-18 11:56:06,928] INFO [ReplicaStateMachine controllerId=0] Initializing replica state (kafka.controller.ZkReplicaStateMachine)
[2022-07-18 11:56:06,930] INFO [ReplicaStateMachine controllerId=0] Triggering online replica state changes (kafka.controller.ZkReplicaStateMachine)
[2022-07-18 11:56:06,934] INFO [ReplicaStateMachine controllerId=0] Triggering offline replica state changes (kafka.controller.ZkReplicaStateMachine)
[2022-07-18 11:56:06,935] DEBUG [ReplicaStateMachine controllerId=0] Started replica state machine with initial state -> Map() (kafka.controller.ZkReplicaStateMachine)
[2022-07-18 11:56:06,936] INFO [PartitionStateMachine controllerId=0] Initializing partition state (kafka.controller.ZkPartitionStateMachine)
[2022-07-18 11:56:06,938] INFO [PartitionStateMachine controllerId=0] Triggering online partition state changes (kafka.controller.ZkPartitionStateMachine)
[2022-07-18 11:56:06,938] INFO [RequestSendThread controllerId=0] Controller 0 connected to LTILBLR20500272.lntinfotech.com:9092 (id: 0 rack: null) for sending state change requests (kafka.controller.RequestSendThread)
[2022-07-18 11:56:06,944] DEBUG [PartitionStateMachine controllerId=0] Started partition state machine with initial state -> Map() (kafka.controller.ZkPartitionStateMachine)
[2022-07-18 11:56:06,944] INFO [Controller id=0] Ready to serve as the new controller with epoch 1 (kafka.controller.KafkaController)
[2022-07-18 11:56:06,957] INFO [Controller id=0] Partitions undergoing preferred replica election:  (kafka.controller.KafkaController)
[2022-07-18 11:56:06,958] INFO [Controller id=0] Partitions that completed preferred replica election:  (kafka.controller.KafkaController)
[2022-07-18 11:56:06,959] INFO [Controller id=0] Skipping preferred replica election for partitions due to topic deletion:  (kafka.controller.KafkaController)
[2022-07-18 11:56:06,959] INFO [Controller id=0] Resuming preferred replica election for partitions:  (kafka.controller.KafkaController)
[2022-07-18 11:56:06,962] INFO [Controller id=0] Starting replica leader election (PREFERRED) for partitions  triggered by ZkTriggered (kafka.controller.KafkaController)
[2022-07-18 11:56:06,980] INFO [Controller id=0] Starting the controller scheduler (kafka.controller.KafkaController)
[2022-07-18 11:56:11,996] INFO [Controller id=0] Processing automatic preferred replica leader election (kafka.controller.KafkaController)
[2022-07-18 11:56:11,997] TRACE [Controller id=0] Checking need to trigger auto leader balancing (kafka.controller.KafkaController)
[2022-07-18 12:01:12,009] INFO [Controller id=0] Processing automatic preferred replica leader election (kafka.controller.KafkaController)
[2022-07-18 12:01:12,014] TRACE [Controller id=0] Checking need to trigger auto leader balancing (kafka.controller.KafkaController)
[2022-07-18 12:06:12,027] INFO [Controller id=0] Processing automatic preferred replica leader election (kafka.controller.KafkaController)
[2022-07-18 12:06:12,028] TRACE [Controller id=0] Checking need to trigger auto leader balancing (kafka.controller.KafkaController)
