[2022-07-18 12:07:35,396] WARN Close of session 0x100006e9ade0000 (org.apache.zookeeper.server.NIOServerCnxn)
java.io.IOException: An existing connection was forcibly closed by the remote host
	at sun.nio.ch.SocketDispatcher.read0(Native Method)
	at sun.nio.ch.SocketDispatcher.read(SocketDispatcher.java:43)
	at sun.nio.ch.IOUtil.readIntoNativeBuffer(IOUtil.java:223)
	at sun.nio.ch.IOUtil.read(IOUtil.java:197)
	at sun.nio.ch.SocketChannelImpl.read(SocketChannelImpl.java:377)
	at org.apache.zookeeper.server.NIOServerCnxn.doIO(NIOServerCnxn.java:324)
	at org.apache.zookeeper.server.NIOServerCnxnFactory$IOWorkRequest.doWork(NIOServerCnxnFactory.java:522)
	at org.apache.zookeeper.server.WorkerService$ScheduledWorkRequest.run(WorkerService.java:154)
	at java.util.concurrent.ThreadPoolExecutor.runWorker(ThreadPoolExecutor.java:1149)
	at java.util.concurrent.ThreadPoolExecutor$Worker.run(ThreadPoolExecutor.java:624)
	at java.lang.Thread.run(Thread.java:748)
[2022-07-18 12:07:42,780] INFO Reading configuration from: config/zookeeper.properties (org.apache.zookeeper.server.quorum.QuorumPeerConfig)
[2022-07-18 12:07:42,781] WARN config\zookeeper.properties is relative. Prepend .\ to indicate that you're sure! (org.apache.zookeeper.server.quorum.QuorumPeerConfig)
[2022-07-18 12:07:42,784] WARN \tmp\zookeeper is relative. Prepend .\ to indicate that you're sure! (org.apache.zookeeper.server.quorum.QuorumPeerConfig)
[2022-07-18 12:07:42,787] INFO clientPortAddress is 0.0.0.0:2181 (org.apache.zookeeper.server.quorum.QuorumPeerConfig)
[2022-07-18 12:07:42,787] INFO secureClientPort is not set (org.apache.zookeeper.server.quorum.QuorumPeerConfig)
[2022-07-18 12:07:42,787] INFO observerMasterPort is not set (org.apache.zookeeper.server.quorum.QuorumPeerConfig)
[2022-07-18 12:07:42,790] INFO metricsProvider.className is org.apache.zookeeper.metrics.impl.DefaultMetricsProvider (org.apache.zookeeper.server.quorum.QuorumPeerConfig)
[2022-07-18 12:07:42,792] INFO autopurge.snapRetainCount set to 3 (org.apache.zookeeper.server.DatadirCleanupManager)
[2022-07-18 12:07:42,792] INFO autopurge.purgeInterval set to 0 (org.apache.zookeeper.server.DatadirCleanupManager)
[2022-07-18 12:07:42,792] INFO Purge task is not scheduled. (org.apache.zookeeper.server.DatadirCleanupManager)
[2022-07-18 12:07:42,792] WARN Either no config or no quorum defined in config, running in standalone mode (org.apache.zookeeper.server.quorum.QuorumPeerMain)
[2022-07-18 12:07:42,794] INFO Log4j 1.2 jmx support not found; jmx disabled. (org.apache.zookeeper.jmx.ManagedUtil)
[2022-07-18 12:07:42,796] INFO Reading configuration from: config/zookeeper.properties (org.apache.zookeeper.server.quorum.QuorumPeerConfig)
[2022-07-18 12:07:42,797] WARN config\zookeeper.properties is relative. Prepend .\ to indicate that you're sure! (org.apache.zookeeper.server.quorum.QuorumPeerConfig)
[2022-07-18 12:07:42,797] WARN \tmp\zookeeper is relative. Prepend .\ to indicate that you're sure! (org.apache.zookeeper.server.quorum.QuorumPeerConfig)
[2022-07-18 12:07:42,798] INFO clientPortAddress is 0.0.0.0:2181 (org.apache.zookeeper.server.quorum.QuorumPeerConfig)
[2022-07-18 12:07:42,798] INFO secureClientPort is not set (org.apache.zookeeper.server.quorum.QuorumPeerConfig)
[2022-07-18 12:07:42,798] INFO observerMasterPort is not set (org.apache.zookeeper.server.quorum.QuorumPeerConfig)
[2022-07-18 12:07:42,798] INFO metricsProvider.className is org.apache.zookeeper.metrics.impl.DefaultMetricsProvider (org.apache.zookeeper.server.quorum.QuorumPeerConfig)
[2022-07-18 12:07:42,799] INFO Starting server (org.apache.zookeeper.server.ZooKeeperServerMain)
[2022-07-18 12:07:42,812] INFO ServerMetrics initialized with provider org.apache.zookeeper.metrics.impl.DefaultMetricsProvider@22f71333 (org.apache.zookeeper.server.ServerMetrics)
[2022-07-18 12:07:42,817] INFO zookeeper.snapshot.trust.empty : false (org.apache.zookeeper.server.persistence.FileTxnSnapLog)
[2022-07-18 12:07:42,840] INFO  (org.apache.zookeeper.server.ZooKeeperServer)
[2022-07-18 12:07:42,840] INFO   ______                  _                                           (org.apache.zookeeper.server.ZooKeeperServer)
[2022-07-18 12:07:42,841] INFO  |___  /                 | |                                          (org.apache.zookeeper.server.ZooKeeperServer)
[2022-07-18 12:07:42,841] INFO     / /    ___     ___   | | __   ___    ___   _ __     ___   _ __    (org.apache.zookeeper.server.ZooKeeperServer)
[2022-07-18 12:07:42,841] INFO    / /    / _ \   / _ \  | |/ /  / _ \  / _ \ | '_ \   / _ \ | '__| (org.apache.zookeeper.server.ZooKeeperServer)
[2022-07-18 12:07:42,842] INFO   / /__  | (_) | | (_) | |   <  |  __/ |  __/ | |_) | |  __/ | |     (org.apache.zookeeper.server.ZooKeeperServer)
[2022-07-18 12:07:42,843] INFO  /_____|  \___/   \___/  |_|\_\  \___|  \___| | .__/   \___| |_| (org.apache.zookeeper.server.ZooKeeperServer)
[2022-07-18 12:07:42,845] INFO                                               | |                      (org.apache.zookeeper.server.ZooKeeperServer)
[2022-07-18 12:07:42,846] INFO                                               |_|                      (org.apache.zookeeper.server.ZooKeeperServer)
[2022-07-18 12:07:42,847] INFO  (org.apache.zookeeper.server.ZooKeeperServer)
[2022-07-18 12:07:42,850] INFO Server environment:zookeeper.version=3.6.3--6401e4ad2087061bc6b9f80dec2d69f2e3c8660a, built on 04/08/2021 16:35 GMT (org.apache.zookeeper.server.ZooKeeperServer)
[2022-07-18 12:07:42,850] INFO Server environment:host.name=LTILBLR20500272.lntinfotech.com (org.apache.zookeeper.server.ZooKeeperServer)
[2022-07-18 12:07:42,850] INFO Server environment:java.version=1.8.0-262 (org.apache.zookeeper.server.ZooKeeperServer)
[2022-07-18 12:07:42,850] INFO Server environment:java.vendor=OpenLogic-OpenJDK (org.apache.zookeeper.server.ZooKeeperServer)
[2022-07-18 12:07:42,851] INFO Server environment:java.home=D:\Applns\openlogic-openjdk-8u262-b10-windows-x64\openlogic-openjdk-8u262-b10-win-64\jre (org.apache.zookeeper.server.ZooKeeperServer)
[2022-07-18 12:07:42,851] INFO Server environment:java.class.path=D:\Applns\kafka-tool\kafka_2.12-3.2.0\libs\activation-1.1.1.jar;D:\Applns\kafka-tool\kafka_2.12-3.2.0\libs\aopalliance-repackaged-2.6.1.jar;D:\Applns\kafka-tool\kafka_2.12-3.2.0\libs\argparse4j-0.7.0.jar;D:\Applns\kafka-tool\kafka_2.12-3.2.0\libs\audience-annotations-0.5.0.jar;D:\Applns\kafka-tool\kafka_2.12-3.2.0\libs\commons-cli-1.4.jar;D:\Applns\kafka-tool\kafka_2.12-3.2.0\libs\commons-lang3-3.8.1.jar;D:\Applns\kafka-tool\kafka_2.12-3.2.0\libs\connect-api-3.2.0.jar;D:\Applns\kafka-tool\kafka_2.12-3.2.0\libs\connect-basic-auth-extension-3.2.0.jar;D:\Applns\kafka-tool\kafka_2.12-3.2.0\libs\connect-file-3.2.0.jar;D:\Applns\kafka-tool\kafka_2.12-3.2.0\libs\connect-json-3.2.0.jar;D:\Applns\kafka-tool\kafka_2.12-3.2.0\libs\connect-mirror-3.2.0.jar;D:\Applns\kafka-tool\kafka_2.12-3.2.0\libs\connect-mirror-client-3.2.0.jar;D:\Applns\kafka-tool\kafka_2.12-3.2.0\libs\connect-runtime-3.2.0.jar;D:\Applns\kafka-tool\kafka_2.12-3.2.0\libs\connect-transforms-3.2.0.jar;D:\Applns\kafka-tool\kafka_2.12-3.2.0\libs\hk2-api-2.6.1.jar;D:\Applns\kafka-tool\kafka_2.12-3.2.0\libs\hk2-locator-2.6.1.jar;D:\Applns\kafka-tool\kafka_2.12-3.2.0\libs\hk2-utils-2.6.1.jar;D:\Applns\kafka-tool\kafka_2.12-3.2.0\libs\jackson-annotations-2.12.6.jar;D:\Applns\kafka-tool\kafka_2.12-3.2.0\libs\jackson-core-2.12.6.jar;D:\Applns\kafka-tool\kafka_2.12-3.2.0\libs\jackson-databind-2.12.6.1.jar;D:\Applns\kafka-tool\kafka_2.12-3.2.0\libs\jackson-dataformat-csv-2.12.6.jar;D:\Applns\kafka-tool\kafka_2.12-3.2.0\libs\jackson-datatype-jdk8-2.12.6.jar;D:\Applns\kafka-tool\kafka_2.12-3.2.0\libs\jackson-jaxrs-base-2.12.6.jar;D:\Applns\kafka-tool\kafka_2.12-3.2.0\libs\jackson-jaxrs-json-provider-2.12.6.jar;D:\Applns\kafka-tool\kafka_2.12-3.2.0\libs\jackson-module-jaxb-annotations-2.12.6.jar;D:\Applns\kafka-tool\kafka_2.12-3.2.0\libs\jackson-module-scala_2.12-2.12.6.jar;D:\Applns\kafka-tool\kafka_2.12-3.2.0\libs\jakarta.activation-api-1.2.1.jar;D:\Applns\kafka-tool\kafka_2.12-3.2.0\libs\jakarta.annotation-api-1.3.5.jar;D:\Applns\kafka-tool\kafka_2.12-3.2.0\libs\jakarta.inject-2.6.1.jar;D:\Applns\kafka-tool\kafka_2.12-3.2.0\libs\jakarta.validation-api-2.0.2.jar;D:\Applns\kafka-tool\kafka_2.12-3.2.0\libs\jakarta.ws.rs-api-2.1.6.jar;D:\Applns\kafka-tool\kafka_2.12-3.2.0\libs\jakarta.xml.bind-api-2.3.2.jar;D:\Applns\kafka-tool\kafka_2.12-3.2.0\libs\javassist-3.27.0-GA.jar;D:\Applns\kafka-tool\kafka_2.12-3.2.0\libs\javax.servlet-api-3.1.0.jar;D:\Applns\kafka-tool\kafka_2.12-3.2.0\libs\javax.ws.rs-api-2.1.1.jar;D:\Applns\kafka-tool\kafka_2.12-3.2.0\libs\jaxb-api-2.3.0.jar;D:\Applns\kafka-tool\kafka_2.12-3.2.0\libs\jersey-client-2.34.jar;D:\Applns\kafka-tool\kafka_2.12-3.2.0\libs\jersey-common-2.34.jar;D:\Applns\kafka-tool\kafka_2.12-3.2.0\libs\jersey-container-servlet-2.34.jar;D:\Applns\kafka-tool\kafka_2.12-3.2.0\libs\jersey-container-servlet-core-2.34.jar;D:\Applns\kafka-tool\kafka_2.12-3.2.0\libs\jersey-hk2-2.34.jar;D:\Applns\kafka-tool\kafka_2.12-3.2.0\libs\jersey-server-2.34.jar;D:\Applns\kafka-tool\kafka_2.12-3.2.0\libs\jetty-client-9.4.44.v20210927.jar;D:\Applns\kafka-tool\kafka_2.12-3.2.0\libs\jetty-continuation-9.4.44.v20210927.jar;D:\Applns\kafka-tool\kafka_2.12-3.2.0\libs\jetty-http-9.4.44.v20210927.jar;D:\Applns\kafka-tool\kafka_2.12-3.2.0\libs\jetty-io-9.4.44.v20210927.jar;D:\Applns\kafka-tool\kafka_2.12-3.2.0\libs\jetty-security-9.4.44.v20210927.jar;D:\Applns\kafka-tool\kafka_2.12-3.2.0\libs\jetty-server-9.4.44.v20210927.jar;D:\Applns\kafka-tool\kafka_2.12-3.2.0\libs\jetty-servlet-9.4.44.v20210927.jar;D:\Applns\kafka-tool\kafka_2.12-3.2.0\libs\jetty-servlets-9.4.44.v20210927.jar;D:\Applns\kafka-tool\kafka_2.12-3.2.0\libs\jetty-util-9.4.44.v20210927.jar;D:\Applns\kafka-tool\kafka_2.12-3.2.0\libs\jetty-util-ajax-9.4.44.v20210927.jar;D:\Applns\kafka-tool\kafka_2.12-3.2.0\libs\jline-3.21.0.jar;D:\Applns\kafka-tool\kafka_2.12-3.2.0\libs\jopt-simple-5.0.4.jar;D:\Applns\kafka-tool\kafka_2.12-3.2.0\libs\jose4j-0.7.9.jar;D:\Applns\kafka-tool\kafka_2.12-3.2.0\libs\kafka-clients-3.2.0.jar;D:\Applns\kafka-tool\kafka_2.12-3.2.0\libs\kafka-log4j-appender-3.2.0.jar;D:\Applns\kafka-tool\kafka_2.12-3.2.0\libs\kafka-metadata-3.2.0.jar;D:\Applns\kafka-tool\kafka_2.12-3.2.0\libs\kafka-raft-3.2.0.jar;D:\Applns\kafka-tool\kafka_2.12-3.2.0\libs\kafka-server-common-3.2.0.jar;D:\Applns\kafka-tool\kafka_2.12-3.2.0\libs\kafka-shell-3.2.0.jar;D:\Applns\kafka-tool\kafka_2.12-3.2.0\libs\kafka-storage-3.2.0.jar;D:\Applns\kafka-tool\kafka_2.12-3.2.0\libs\kafka-storage-api-3.2.0.jar;D:\Applns\kafka-tool\kafka_2.12-3.2.0\libs\kafka-streams-3.2.0.jar;D:\Applns\kafka-tool\kafka_2.12-3.2.0\libs\kafka-streams-examples-3.2.0.jar;D:\Applns\kafka-tool\kafka_2.12-3.2.0\libs\kafka-streams-scala_2.12-3.2.0.jar;D:\Applns\kafka-tool\kafka_2.12-3.2.0\libs\kafka-streams-test-utils-3.2.0.jar;D:\Applns\kafka-tool\kafka_2.12-3.2.0\libs\kafka-tools-3.2.0.jar;D:\Applns\kafka-tool\kafka_2.12-3.2.0\libs\kafka_2.12-3.2.0.jar;D:\Applns\kafka-tool\kafka_2.12-3.2.0\libs\lz4-java-1.8.0.jar;D:\Applns\kafka-tool\kafka_2.12-3.2.0\libs\maven-artifact-3.8.4.jar;D:\Applns\kafka-tool\kafka_2.12-3.2.0\libs\metrics-core-2.2.0.jar;D:\Applns\kafka-tool\kafka_2.12-3.2.0\libs\metrics-core-4.1.12.1.jar;D:\Applns\kafka-tool\kafka_2.12-3.2.0\libs\netty-buffer-4.1.73.Final.jar;D:\Applns\kafka-tool\kafka_2.12-3.2.0\libs\netty-codec-4.1.73.Final.jar;D:\Applns\kafka-tool\kafka_2.12-3.2.0\libs\netty-common-4.1.73.Final.jar;D:\Applns\kafka-tool\kafka_2.12-3.2.0\libs\netty-handler-4.1.73.Final.jar;D:\Applns\kafka-tool\kafka_2.12-3.2.0\libs\netty-resolver-4.1.73.Final.jar;D:\Applns\kafka-tool\kafka_2.12-3.2.0\libs\netty-tcnative-classes-2.0.46.Final.jar;D:\Applns\kafka-tool\kafka_2.12-3.2.0\libs\netty-transport-4.1.73.Final.jar;D:\Applns\kafka-tool\kafka_2.12-3.2.0\libs\netty-transport-classes-epoll-4.1.73.Final.jar;D:\Applns\kafka-tool\kafka_2.12-3.2.0\libs\netty-transport-native-epoll-4.1.73.Final.jar;D:\Applns\kafka-tool\kafka_2.12-3.2.0\libs\netty-transport-native-unix-common-4.1.73.Final.jar;D:\Applns\kafka-tool\kafka_2.12-3.2.0\libs\osgi-resource-locator-1.0.3.jar;D:\Applns\kafka-tool\kafka_2.12-3.2.0\libs\paranamer-2.8.jar;D:\Applns\kafka-tool\kafka_2.12-3.2.0\libs\plexus-utils-3.3.0.jar;D:\Applns\kafka-tool\kafka_2.12-3.2.0\libs\reflections-0.9.12.jar;D:\Applns\kafka-tool\kafka_2.12-3.2.0\libs\reload4j-1.2.19.jar;D:\Applns\kafka-tool\kafka_2.12-3.2.0\libs\rocksdbjni-6.29.4.1.jar;D:\Applns\kafka-tool\kafka_2.12-3.2.0\libs\scala-collection-compat_2.12-2.6.0.jar;D:\Applns\kafka-tool\kafka_2.12-3.2.0\libs\scala-java8-compat_2.12-1.0.2.jar;D:\Applns\kafka-tool\kafka_2.12-3.2.0\libs\scala-library-2.12.15.jar;D:\Applns\kafka-tool\kafka_2.12-3.2.0\libs\scala-logging_2.12-3.9.4.jar;D:\Applns\kafka-tool\kafka_2.12-3.2.0\libs\scala-reflect-2.12.15.jar;D:\Applns\kafka-tool\kafka_2.12-3.2.0\libs\slf4j-api-1.7.36.jar;D:\Applns\kafka-tool\kafka_2.12-3.2.0\libs\slf4j-reload4j-1.7.36.jar;D:\Applns\kafka-tool\kafka_2.12-3.2.0\libs\snappy-java-1.1.8.4.jar;D:\Applns\kafka-tool\kafka_2.12-3.2.0\libs\trogdor-3.2.0.jar;D:\Applns\kafka-tool\kafka_2.12-3.2.0\libs\zookeeper-3.6.3.jar;D:\Applns\kafka-tool\kafka_2.12-3.2.0\libs\zookeeper-jute-3.6.3.jar;D:\Applns\kafka-tool\kafka_2.12-3.2.0\libs\zstd-jni-1.5.2-1.jar (org.apache.zookeeper.server.ZooKeeperServer)
[2022-07-18 12:07:42,853] INFO Server environment:java.library.path=D:\Applns\openlogic-openjdk-8u262-b10-windows-x64\openlogic-openjdk-8u262-b10-win-64\bin;C:\Windows\Sun\Java\bin;C:\Windows\system32;C:\Windows;C:\Program Files (x86)\Seclore\FileSecure\Desktop Client;C:\Program Files (x86)\Seclore\FileSecure\Desktop Client\Upgrade Manager;C:\Program Files (x86)\Seclore\FileSecure\Desktop Client;C:\Program Files (x86)\Seclore\FileSecure\Desktop Client\x64;C:\Ruby30-x64\bin;C:\Program Files\Docker\Docker\Resources\bin;C:\Program Files\Common Files\Microsoft Shared\Microsoft Online Services;C:\Program Files (x86)\Common Files\Microsoft Shared\Microsoft Online Services;C:\Windows\system32;C:\Windows;C:\Windows\System32\Wbem;C:\Windows\System32\WindowsPowerShell\v1.0\;C:\Windows\System32\OpenSSH\;C:\Program Files\TortoiseSVN\bin;C:\Program Files (x86)\Sennheiser\SoftphoneSDK\;C:\Program Files\nodejs\;C:\Program Files\TortoiseGit\bin;C:\Program Files\Git\cmd;C:\Program Files\Go\bin;C:\Program Files\Amazon\AWSCLI\bin\;C:\Users\10675580\AppData\Local\Programs\Python\Python37\Scripts\;C:\Users\10675580\AppData\Local\Programs\Python\Python37\;C:\Users\10675580\AppData\Local\Microsoft\WindowsApps;D:\Applns\apache-maven-3.6.3-bin\apache-maven-3.6.3\bin;D:\Applns\vault_1.7.3_windows_amd64;D:\Applns\openlogic-openjdk-8u262-b10-windows-x64\openlogic-openjdk-8u262-b10-win-64\bin;C:\Users\10675580\go\bin;C:\Users\10675580\go\bin;C:\Users\10675580\AppData\Local\Programs\Microsoft VS Code\bin;C:\Users\10675580\AppData\Local\Programs\mongosh\;C:\Program Files\MongoDB\Server\5.0\bin;C:\Users\10675580\.pypirc;C:\Users\10675580\AppData\Local\Google\Cloud SDK\google-cloud-sdk\bin;. (org.apache.zookeeper.server.ZooKeeperServer)
[2022-07-18 12:07:42,853] INFO Server environment:java.io.tmpdir=C:\Users\10675580\AppData\Local\Temp\ (org.apache.zookeeper.server.ZooKeeperServer)
[2022-07-18 12:07:42,853] INFO Server environment:java.compiler=<NA> (org.apache.zookeeper.server.ZooKeeperServer)
[2022-07-18 12:07:42,854] INFO Server environment:os.name=Windows 10 (org.apache.zookeeper.server.ZooKeeperServer)
[2022-07-18 12:07:42,854] INFO Server environment:os.arch=amd64 (org.apache.zookeeper.server.ZooKeeperServer)
[2022-07-18 12:07:42,855] INFO Server environment:os.version=10.0 (org.apache.zookeeper.server.ZooKeeperServer)
[2022-07-18 12:07:42,855] INFO Server environment:user.name=10675580 (org.apache.zookeeper.server.ZooKeeperServer)
[2022-07-18 12:07:42,855] INFO Server environment:user.home=C:\Users\10675580 (org.apache.zookeeper.server.ZooKeeperServer)
[2022-07-18 12:07:42,856] INFO Server environment:user.dir=D:\Applns\kafka-tool\kafka_2.12-3.2.0 (org.apache.zookeeper.server.ZooKeeperServer)
[2022-07-18 12:07:42,856] INFO Server environment:os.memory.free=492MB (org.apache.zookeeper.server.ZooKeeperServer)
[2022-07-18 12:07:42,856] INFO Server environment:os.memory.max=512MB (org.apache.zookeeper.server.ZooKeeperServer)
[2022-07-18 12:07:42,857] INFO Server environment:os.memory.total=512MB (org.apache.zookeeper.server.ZooKeeperServer)
[2022-07-18 12:07:42,857] INFO zookeeper.enableEagerACLCheck = false (org.apache.zookeeper.server.ZooKeeperServer)
[2022-07-18 12:07:42,858] INFO zookeeper.digest.enabled = true (org.apache.zookeeper.server.ZooKeeperServer)
[2022-07-18 12:07:42,861] INFO zookeeper.closeSessionTxn.enabled = true (org.apache.zookeeper.server.ZooKeeperServer)
[2022-07-18 12:07:42,862] INFO zookeeper.flushDelay=0 (org.apache.zookeeper.server.ZooKeeperServer)
[2022-07-18 12:07:42,862] INFO zookeeper.maxWriteQueuePollTime=0 (org.apache.zookeeper.server.ZooKeeperServer)
[2022-07-18 12:07:42,863] INFO zookeeper.maxBatchSize=1000 (org.apache.zookeeper.server.ZooKeeperServer)
[2022-07-18 12:07:42,863] INFO zookeeper.intBufferStartingSizeBytes = 1024 (org.apache.zookeeper.server.ZooKeeperServer)
[2022-07-18 12:07:42,868] INFO Weighed connection throttling is disabled (org.apache.zookeeper.server.BlueThrottle)
[2022-07-18 12:07:42,870] INFO minSessionTimeout set to 6000 (org.apache.zookeeper.server.ZooKeeperServer)
[2022-07-18 12:07:42,870] INFO maxSessionTimeout set to 60000 (org.apache.zookeeper.server.ZooKeeperServer)
[2022-07-18 12:07:42,872] INFO Response cache size is initialized with value 400. (org.apache.zookeeper.server.ResponseCache)
[2022-07-18 12:07:42,872] INFO Response cache size is initialized with value 400. (org.apache.zookeeper.server.ResponseCache)
[2022-07-18 12:07:42,874] INFO zookeeper.pathStats.slotCapacity = 60 (org.apache.zookeeper.server.util.RequestPathMetricsCollector)
[2022-07-18 12:07:42,876] INFO zookeeper.pathStats.slotDuration = 15 (org.apache.zookeeper.server.util.RequestPathMetricsCollector)
[2022-07-18 12:07:42,876] INFO zookeeper.pathStats.maxDepth = 6 (org.apache.zookeeper.server.util.RequestPathMetricsCollector)
[2022-07-18 12:07:42,877] INFO zookeeper.pathStats.initialDelay = 5 (org.apache.zookeeper.server.util.RequestPathMetricsCollector)
[2022-07-18 12:07:42,878] INFO zookeeper.pathStats.delay = 5 (org.apache.zookeeper.server.util.RequestPathMetricsCollector)
[2022-07-18 12:07:42,878] INFO zookeeper.pathStats.enabled = false (org.apache.zookeeper.server.util.RequestPathMetricsCollector)
[2022-07-18 12:07:42,882] INFO The max bytes for all large requests are set to 104857600 (org.apache.zookeeper.server.ZooKeeperServer)
[2022-07-18 12:07:42,882] INFO The large request threshold is set to -1 (org.apache.zookeeper.server.ZooKeeperServer)
[2022-07-18 12:07:42,882] INFO Created server with tickTime 3000 minSessionTimeout 6000 maxSessionTimeout 60000 clientPortListenBacklog -1 datadir \tmp\zookeeper\version-2 snapdir \tmp\zookeeper\version-2 (org.apache.zookeeper.server.ZooKeeperServer)
[2022-07-18 12:07:42,900] INFO Using org.apache.zookeeper.server.NIOServerCnxnFactory as server connection factory (org.apache.zookeeper.server.ServerCnxnFactory)
[2022-07-18 12:07:42,901] WARN maxCnxns is not configured, using default value 0. (org.apache.zookeeper.server.ServerCnxnFactory)
[2022-07-18 12:07:42,903] INFO Configuring NIO connection handler with 10s sessionless connection timeout, 2 selector thread(s), 16 worker threads, and 64 kB direct buffers. (org.apache.zookeeper.server.NIOServerCnxnFactory)
[2022-07-18 12:07:42,907] INFO binding to port 0.0.0.0/0.0.0.0:2181 (org.apache.zookeeper.server.NIOServerCnxnFactory)
[2022-07-18 12:07:42,938] INFO Using org.apache.zookeeper.server.watch.WatchManager as watch manager (org.apache.zookeeper.server.watch.WatchManagerFactory)
[2022-07-18 12:07:42,939] INFO Using org.apache.zookeeper.server.watch.WatchManager as watch manager (org.apache.zookeeper.server.watch.WatchManagerFactory)
[2022-07-18 12:07:42,940] INFO zookeeper.snapshotSizeFactor = 0.33 (org.apache.zookeeper.server.ZKDatabase)
[2022-07-18 12:07:42,942] INFO zookeeper.commitLogCount=500 (org.apache.zookeeper.server.ZKDatabase)
[2022-07-18 12:07:42,948] INFO zookeeper.snapshot.compression.method = CHECKED (org.apache.zookeeper.server.persistence.SnapStream)
[2022-07-18 12:07:42,949] INFO Reading snapshot \tmp\zookeeper\version-2\snapshot.0 (org.apache.zookeeper.server.persistence.FileSnap)
[2022-07-18 12:07:42,953] INFO The digest value is empty in snapshot (org.apache.zookeeper.server.DataTree)
[2022-07-18 12:07:42,980] INFO 29 txns loaded in 20 ms (org.apache.zookeeper.server.persistence.FileTxnSnapLog)
[2022-07-18 12:07:42,980] INFO Snapshot loaded in 37 ms, highest zxid is 0x1d, digest is 47497534749 (org.apache.zookeeper.server.ZKDatabase)
[2022-07-18 12:07:42,982] INFO Snapshotting: 0x1d to \tmp\zookeeper\version-2\snapshot.1d (org.apache.zookeeper.server.persistence.FileTxnSnapLog)
[2022-07-18 12:07:42,988] INFO Snapshot taken in 6 ms (org.apache.zookeeper.server.ZooKeeperServer)
[2022-07-18 12:07:43,002] INFO PrepRequestProcessor (sid:0) started, reconfigEnabled=false (org.apache.zookeeper.server.PrepRequestProcessor)
[2022-07-18 12:07:43,003] INFO zookeeper.request_throttler.shutdownTimeout = 10000 (org.apache.zookeeper.server.RequestThrottler)
[2022-07-18 12:07:43,022] INFO Using checkIntervalMs=60000 maxPerMinute=10000 maxNeverUsedIntervalMs=0 (org.apache.zookeeper.server.ContainerManager)
[2022-07-18 12:07:43,023] INFO ZooKeeper audit is disabled. (org.apache.zookeeper.audit.ZKAuditProvider)
[2022-07-18 12:07:52,894] INFO Registered kafka:type=kafka.Log4jController MBean (kafka.utils.Log4jControllerRegistration$)
[2022-07-18 12:07:53,370] INFO Setting -D jdk.tls.rejectClientInitiatedRenegotiation=true to disable client-initiated TLS renegotiation (org.apache.zookeeper.common.X509Util)
[2022-07-18 12:07:53,462] INFO starting (kafka.server.KafkaServer)
[2022-07-18 12:07:53,465] INFO Connecting to zookeeper on localhost:2181 (kafka.server.KafkaServer)
[2022-07-18 12:07:53,480] INFO [ZooKeeperClient Kafka server] Initializing a new session to localhost:2181. (kafka.zookeeper.ZooKeeperClient)
[2022-07-18 12:07:53,486] INFO Client environment:zookeeper.version=3.6.3--6401e4ad2087061bc6b9f80dec2d69f2e3c8660a, built on 04/08/2021 16:35 GMT (org.apache.zookeeper.ZooKeeper)
[2022-07-18 12:07:53,486] INFO Client environment:host.name=LTILBLR20500272.lntinfotech.com (org.apache.zookeeper.ZooKeeper)
[2022-07-18 12:07:53,486] INFO Client environment:java.version=1.8.0-262 (org.apache.zookeeper.ZooKeeper)
[2022-07-18 12:07:53,487] INFO Client environment:java.vendor=OpenLogic-OpenJDK (org.apache.zookeeper.ZooKeeper)
[2022-07-18 12:07:53,488] INFO Client environment:java.home=D:\Applns\openlogic-openjdk-8u262-b10-windows-x64\openlogic-openjdk-8u262-b10-win-64\jre (org.apache.zookeeper.ZooKeeper)
[2022-07-18 12:07:53,488] INFO Client environment:java.class.path=D:\Applns\kafka-tool\kafka_2.12-3.2.0\libs\activation-1.1.1.jar;D:\Applns\kafka-tool\kafka_2.12-3.2.0\libs\aopalliance-repackaged-2.6.1.jar;D:\Applns\kafka-tool\kafka_2.12-3.2.0\libs\argparse4j-0.7.0.jar;D:\Applns\kafka-tool\kafka_2.12-3.2.0\libs\audience-annotations-0.5.0.jar;D:\Applns\kafka-tool\kafka_2.12-3.2.0\libs\commons-cli-1.4.jar;D:\Applns\kafka-tool\kafka_2.12-3.2.0\libs\commons-lang3-3.8.1.jar;D:\Applns\kafka-tool\kafka_2.12-3.2.0\libs\connect-api-3.2.0.jar;D:\Applns\kafka-tool\kafka_2.12-3.2.0\libs\connect-basic-auth-extension-3.2.0.jar;D:\Applns\kafka-tool\kafka_2.12-3.2.0\libs\connect-file-3.2.0.jar;D:\Applns\kafka-tool\kafka_2.12-3.2.0\libs\connect-json-3.2.0.jar;D:\Applns\kafka-tool\kafka_2.12-3.2.0\libs\connect-mirror-3.2.0.jar;D:\Applns\kafka-tool\kafka_2.12-3.2.0\libs\connect-mirror-client-3.2.0.jar;D:\Applns\kafka-tool\kafka_2.12-3.2.0\libs\connect-runtime-3.2.0.jar;D:\Applns\kafka-tool\kafka_2.12-3.2.0\libs\connect-transforms-3.2.0.jar;D:\Applns\kafka-tool\kafka_2.12-3.2.0\libs\hk2-api-2.6.1.jar;D:\Applns\kafka-tool\kafka_2.12-3.2.0\libs\hk2-locator-2.6.1.jar;D:\Applns\kafka-tool\kafka_2.12-3.2.0\libs\hk2-utils-2.6.1.jar;D:\Applns\kafka-tool\kafka_2.12-3.2.0\libs\jackson-annotations-2.12.6.jar;D:\Applns\kafka-tool\kafka_2.12-3.2.0\libs\jackson-core-2.12.6.jar;D:\Applns\kafka-tool\kafka_2.12-3.2.0\libs\jackson-databind-2.12.6.1.jar;D:\Applns\kafka-tool\kafka_2.12-3.2.0\libs\jackson-dataformat-csv-2.12.6.jar;D:\Applns\kafka-tool\kafka_2.12-3.2.0\libs\jackson-datatype-jdk8-2.12.6.jar;D:\Applns\kafka-tool\kafka_2.12-3.2.0\libs\jackson-jaxrs-base-2.12.6.jar;D:\Applns\kafka-tool\kafka_2.12-3.2.0\libs\jackson-jaxrs-json-provider-2.12.6.jar;D:\Applns\kafka-tool\kafka_2.12-3.2.0\libs\jackson-module-jaxb-annotations-2.12.6.jar;D:\Applns\kafka-tool\kafka_2.12-3.2.0\libs\jackson-module-scala_2.12-2.12.6.jar;D:\Applns\kafka-tool\kafka_2.12-3.2.0\libs\jakarta.activation-api-1.2.1.jar;D:\Applns\kafka-tool\kafka_2.12-3.2.0\libs\jakarta.annotation-api-1.3.5.jar;D:\Applns\kafka-tool\kafka_2.12-3.2.0\libs\jakarta.inject-2.6.1.jar;D:\Applns\kafka-tool\kafka_2.12-3.2.0\libs\jakarta.validation-api-2.0.2.jar;D:\Applns\kafka-tool\kafka_2.12-3.2.0\libs\jakarta.ws.rs-api-2.1.6.jar;D:\Applns\kafka-tool\kafka_2.12-3.2.0\libs\jakarta.xml.bind-api-2.3.2.jar;D:\Applns\kafka-tool\kafka_2.12-3.2.0\libs\javassist-3.27.0-GA.jar;D:\Applns\kafka-tool\kafka_2.12-3.2.0\libs\javax.servlet-api-3.1.0.jar;D:\Applns\kafka-tool\kafka_2.12-3.2.0\libs\javax.ws.rs-api-2.1.1.jar;D:\Applns\kafka-tool\kafka_2.12-3.2.0\libs\jaxb-api-2.3.0.jar;D:\Applns\kafka-tool\kafka_2.12-3.2.0\libs\jersey-client-2.34.jar;D:\Applns\kafka-tool\kafka_2.12-3.2.0\libs\jersey-common-2.34.jar;D:\Applns\kafka-tool\kafka_2.12-3.2.0\libs\jersey-container-servlet-2.34.jar;D:\Applns\kafka-tool\kafka_2.12-3.2.0\libs\jersey-container-servlet-core-2.34.jar;D:\Applns\kafka-tool\kafka_2.12-3.2.0\libs\jersey-hk2-2.34.jar;D:\Applns\kafka-tool\kafka_2.12-3.2.0\libs\jersey-server-2.34.jar;D:\Applns\kafka-tool\kafka_2.12-3.2.0\libs\jetty-client-9.4.44.v20210927.jar;D:\Applns\kafka-tool\kafka_2.12-3.2.0\libs\jetty-continuation-9.4.44.v20210927.jar;D:\Applns\kafka-tool\kafka_2.12-3.2.0\libs\jetty-http-9.4.44.v20210927.jar;D:\Applns\kafka-tool\kafka_2.12-3.2.0\libs\jetty-io-9.4.44.v20210927.jar;D:\Applns\kafka-tool\kafka_2.12-3.2.0\libs\jetty-security-9.4.44.v20210927.jar;D:\Applns\kafka-tool\kafka_2.12-3.2.0\libs\jetty-server-9.4.44.v20210927.jar;D:\Applns\kafka-tool\kafka_2.12-3.2.0\libs\jetty-servlet-9.4.44.v20210927.jar;D:\Applns\kafka-tool\kafka_2.12-3.2.0\libs\jetty-servlets-9.4.44.v20210927.jar;D:\Applns\kafka-tool\kafka_2.12-3.2.0\libs\jetty-util-9.4.44.v20210927.jar;D:\Applns\kafka-tool\kafka_2.12-3.2.0\libs\jetty-util-ajax-9.4.44.v20210927.jar;D:\Applns\kafka-tool\kafka_2.12-3.2.0\libs\jline-3.21.0.jar;D:\Applns\kafka-tool\kafka_2.12-3.2.0\libs\jopt-simple-5.0.4.jar;D:\Applns\kafka-tool\kafka_2.12-3.2.0\libs\jose4j-0.7.9.jar;D:\Applns\kafka-tool\kafka_2.12-3.2.0\libs\kafka-clients-3.2.0.jar;D:\Applns\kafka-tool\kafka_2.12-3.2.0\libs\kafka-log4j-appender-3.2.0.jar;D:\Applns\kafka-tool\kafka_2.12-3.2.0\libs\kafka-metadata-3.2.0.jar;D:\Applns\kafka-tool\kafka_2.12-3.2.0\libs\kafka-raft-3.2.0.jar;D:\Applns\kafka-tool\kafka_2.12-3.2.0\libs\kafka-server-common-3.2.0.jar;D:\Applns\kafka-tool\kafka_2.12-3.2.0\libs\kafka-shell-3.2.0.jar;D:\Applns\kafka-tool\kafka_2.12-3.2.0\libs\kafka-storage-3.2.0.jar;D:\Applns\kafka-tool\kafka_2.12-3.2.0\libs\kafka-storage-api-3.2.0.jar;D:\Applns\kafka-tool\kafka_2.12-3.2.0\libs\kafka-streams-3.2.0.jar;D:\Applns\kafka-tool\kafka_2.12-3.2.0\libs\kafka-streams-examples-3.2.0.jar;D:\Applns\kafka-tool\kafka_2.12-3.2.0\libs\kafka-streams-scala_2.12-3.2.0.jar;D:\Applns\kafka-tool\kafka_2.12-3.2.0\libs\kafka-streams-test-utils-3.2.0.jar;D:\Applns\kafka-tool\kafka_2.12-3.2.0\libs\kafka-tools-3.2.0.jar;D:\Applns\kafka-tool\kafka_2.12-3.2.0\libs\kafka_2.12-3.2.0.jar;D:\Applns\kafka-tool\kafka_2.12-3.2.0\libs\lz4-java-1.8.0.jar;D:\Applns\kafka-tool\kafka_2.12-3.2.0\libs\maven-artifact-3.8.4.jar;D:\Applns\kafka-tool\kafka_2.12-3.2.0\libs\metrics-core-2.2.0.jar;D:\Applns\kafka-tool\kafka_2.12-3.2.0\libs\metrics-core-4.1.12.1.jar;D:\Applns\kafka-tool\kafka_2.12-3.2.0\libs\netty-buffer-4.1.73.Final.jar;D:\Applns\kafka-tool\kafka_2.12-3.2.0\libs\netty-codec-4.1.73.Final.jar;D:\Applns\kafka-tool\kafka_2.12-3.2.0\libs\netty-common-4.1.73.Final.jar;D:\Applns\kafka-tool\kafka_2.12-3.2.0\libs\netty-handler-4.1.73.Final.jar;D:\Applns\kafka-tool\kafka_2.12-3.2.0\libs\netty-resolver-4.1.73.Final.jar;D:\Applns\kafka-tool\kafka_2.12-3.2.0\libs\netty-tcnative-classes-2.0.46.Final.jar;D:\Applns\kafka-tool\kafka_2.12-3.2.0\libs\netty-transport-4.1.73.Final.jar;D:\Applns\kafka-tool\kafka_2.12-3.2.0\libs\netty-transport-classes-epoll-4.1.73.Final.jar;D:\Applns\kafka-tool\kafka_2.12-3.2.0\libs\netty-transport-native-epoll-4.1.73.Final.jar;D:\Applns\kafka-tool\kafka_2.12-3.2.0\libs\netty-transport-native-unix-common-4.1.73.Final.jar;D:\Applns\kafka-tool\kafka_2.12-3.2.0\libs\osgi-resource-locator-1.0.3.jar;D:\Applns\kafka-tool\kafka_2.12-3.2.0\libs\paranamer-2.8.jar;D:\Applns\kafka-tool\kafka_2.12-3.2.0\libs\plexus-utils-3.3.0.jar;D:\Applns\kafka-tool\kafka_2.12-3.2.0\libs\reflections-0.9.12.jar;D:\Applns\kafka-tool\kafka_2.12-3.2.0\libs\reload4j-1.2.19.jar;D:\Applns\kafka-tool\kafka_2.12-3.2.0\libs\rocksdbjni-6.29.4.1.jar;D:\Applns\kafka-tool\kafka_2.12-3.2.0\libs\scala-collection-compat_2.12-2.6.0.jar;D:\Applns\kafka-tool\kafka_2.12-3.2.0\libs\scala-java8-compat_2.12-1.0.2.jar;D:\Applns\kafka-tool\kafka_2.12-3.2.0\libs\scala-library-2.12.15.jar;D:\Applns\kafka-tool\kafka_2.12-3.2.0\libs\scala-logging_2.12-3.9.4.jar;D:\Applns\kafka-tool\kafka_2.12-3.2.0\libs\scala-reflect-2.12.15.jar;D:\Applns\kafka-tool\kafka_2.12-3.2.0\libs\slf4j-api-1.7.36.jar;D:\Applns\kafka-tool\kafka_2.12-3.2.0\libs\slf4j-reload4j-1.7.36.jar;D:\Applns\kafka-tool\kafka_2.12-3.2.0\libs\snappy-java-1.1.8.4.jar;D:\Applns\kafka-tool\kafka_2.12-3.2.0\libs\trogdor-3.2.0.jar;D:\Applns\kafka-tool\kafka_2.12-3.2.0\libs\zookeeper-3.6.3.jar;D:\Applns\kafka-tool\kafka_2.12-3.2.0\libs\zookeeper-jute-3.6.3.jar;D:\Applns\kafka-tool\kafka_2.12-3.2.0\libs\zstd-jni-1.5.2-1.jar (org.apache.zookeeper.ZooKeeper)
[2022-07-18 12:07:53,490] INFO Client environment:java.library.path=D:\Applns\openlogic-openjdk-8u262-b10-windows-x64\openlogic-openjdk-8u262-b10-win-64\bin;C:\Windows\Sun\Java\bin;C:\Windows\system32;C:\Windows;C:\Program Files (x86)\Seclore\FileSecure\Desktop Client;C:\Program Files (x86)\Seclore\FileSecure\Desktop Client\Upgrade Manager;C:\Program Files (x86)\Seclore\FileSecure\Desktop Client;C:\Program Files (x86)\Seclore\FileSecure\Desktop Client\x64;C:\Ruby30-x64\bin;C:\Program Files\Docker\Docker\Resources\bin;C:\Program Files\Common Files\Microsoft Shared\Microsoft Online Services;C:\Program Files (x86)\Common Files\Microsoft Shared\Microsoft Online Services;C:\Windows\system32;C:\Windows;C:\Windows\System32\Wbem;C:\Windows\System32\WindowsPowerShell\v1.0\;C:\Windows\System32\OpenSSH\;C:\Program Files\TortoiseSVN\bin;C:\Program Files (x86)\Sennheiser\SoftphoneSDK\;C:\Program Files\nodejs\;C:\Program Files\TortoiseGit\bin;C:\Program Files\Git\cmd;C:\Program Files\Go\bin;C:\Program Files\Amazon\AWSCLI\bin\;C:\Users\10675580\AppData\Local\Programs\Python\Python37\Scripts\;C:\Users\10675580\AppData\Local\Programs\Python\Python37\;C:\Users\10675580\AppData\Local\Microsoft\WindowsApps;D:\Applns\apache-maven-3.6.3-bin\apache-maven-3.6.3\bin;D:\Applns\vault_1.7.3_windows_amd64;D:\Applns\openlogic-openjdk-8u262-b10-windows-x64\openlogic-openjdk-8u262-b10-win-64\bin;C:\Users\10675580\go\bin;C:\Users\10675580\go\bin;C:\Users\10675580\AppData\Local\Programs\Microsoft VS Code\bin;C:\Users\10675580\AppData\Local\Programs\mongosh\;C:\Program Files\MongoDB\Server\5.0\bin;C:\Users\10675580\.pypirc;C:\Users\10675580\AppData\Local\Google\Cloud SDK\google-cloud-sdk\bin;. (org.apache.zookeeper.ZooKeeper)
[2022-07-18 12:07:53,490] INFO Client environment:java.io.tmpdir=C:\Users\10675580\AppData\Local\Temp\ (org.apache.zookeeper.ZooKeeper)
[2022-07-18 12:07:53,490] INFO Client environment:java.compiler=<NA> (org.apache.zookeeper.ZooKeeper)
[2022-07-18 12:07:53,491] INFO Client environment:os.name=Windows 10 (org.apache.zookeeper.ZooKeeper)
[2022-07-18 12:07:53,491] INFO Client environment:os.arch=amd64 (org.apache.zookeeper.ZooKeeper)
[2022-07-18 12:07:53,492] INFO Client environment:os.version=10.0 (org.apache.zookeeper.ZooKeeper)
[2022-07-18 12:07:53,492] INFO Client environment:user.name=10675580 (org.apache.zookeeper.ZooKeeper)
[2022-07-18 12:07:53,493] INFO Client environment:user.home=C:\Users\10675580 (org.apache.zookeeper.ZooKeeper)
[2022-07-18 12:07:53,498] INFO Client environment:user.dir=D:\Applns\kafka-tool\kafka_2.12-3.2.0 (org.apache.zookeeper.ZooKeeper)
[2022-07-18 12:07:53,498] INFO Client environment:os.memory.free=1011MB (org.apache.zookeeper.ZooKeeper)
[2022-07-18 12:07:53,498] INFO Client environment:os.memory.max=1024MB (org.apache.zookeeper.ZooKeeper)
[2022-07-18 12:07:53,499] INFO Client environment:os.memory.total=1024MB (org.apache.zookeeper.ZooKeeper)
[2022-07-18 12:07:53,502] INFO Initiating client connection, connectString=localhost:2181 sessionTimeout=18000 watcher=kafka.zookeeper.ZooKeeperClient$ZooKeeperClientWatcher$@7b98f307 (org.apache.zookeeper.ZooKeeper)
[2022-07-18 12:07:53,512] INFO jute.maxbuffer value is 4194304 Bytes (org.apache.zookeeper.ClientCnxnSocket)
[2022-07-18 12:07:53,520] INFO zookeeper.request.timeout value is 0. feature enabled=false (org.apache.zookeeper.ClientCnxn)
[2022-07-18 12:07:53,524] INFO [ZooKeeperClient Kafka server] Waiting until connected. (kafka.zookeeper.ZooKeeperClient)
[2022-07-18 12:07:53,524] INFO Opening socket connection to server localhost/0:0:0:0:0:0:0:1:2181. (org.apache.zookeeper.ClientCnxn)
[2022-07-18 12:07:53,527] INFO Socket connection established, initiating session, client: /0:0:0:0:0:0:0:1:62341, server: localhost/0:0:0:0:0:0:0:1:2181 (org.apache.zookeeper.ClientCnxn)
[2022-07-18 12:07:53,534] INFO Creating new log file: log.1e (org.apache.zookeeper.server.persistence.FileTxnLog)
[2022-07-18 12:07:53,546] INFO Session establishment complete on server localhost/0:0:0:0:0:0:0:1:2181, session id = 0x1000079b6ef0000, negotiated timeout = 18000 (org.apache.zookeeper.ClientCnxn)
[2022-07-18 12:07:53,551] INFO [ZooKeeperClient Kafka server] Connected. (kafka.zookeeper.ZooKeeperClient)
[2022-07-18 12:07:53,729] INFO [feature-zk-node-event-process-thread]: Starting (kafka.server.FinalizedFeatureChangeListener$ChangeNotificationProcessorThread)
[2022-07-18 12:07:53,944] INFO Updated cache from existing <empty> to latest FinalizedFeaturesAndEpoch(features=Features{}, epoch=0). (kafka.server.FinalizedFeatureCache)
[2022-07-18 12:07:53,953] INFO Cluster ID = hWh7dYaLS1KWAEAe2VXYhQ (kafka.server.KafkaServer)
[2022-07-18 12:07:54,041] INFO KafkaConfig values: 
	advertised.listeners = null
	alter.config.policy.class.name = null
	alter.log.dirs.replication.quota.window.num = 11
	alter.log.dirs.replication.quota.window.size.seconds = 1
	authorizer.class.name = 
	auto.create.topics.enable = true
	auto.leader.rebalance.enable = true
	background.threads = 10
	broker.heartbeat.interval.ms = 2000
	broker.id = 0
	broker.id.generation.enable = true
	broker.rack = null
	broker.session.timeout.ms = 9000
	client.quota.callback.class = null
	compression.type = producer
	connection.failed.authentication.delay.ms = 100
	connections.max.idle.ms = 600000
	connections.max.reauth.ms = 0
	control.plane.listener.name = null
	controlled.shutdown.enable = true
	controlled.shutdown.max.retries = 3
	controlled.shutdown.retry.backoff.ms = 5000
	controller.listener.names = null
	controller.quorum.append.linger.ms = 25
	controller.quorum.election.backoff.max.ms = 1000
	controller.quorum.election.timeout.ms = 1000
	controller.quorum.fetch.timeout.ms = 2000
	controller.quorum.request.timeout.ms = 2000
	controller.quorum.retry.backoff.ms = 20
	controller.quorum.voters = []
	controller.quota.window.num = 11
	controller.quota.window.size.seconds = 1
	controller.socket.timeout.ms = 30000
	create.topic.policy.class.name = null
	default.replication.factor = 1
	delegation.token.expiry.check.interval.ms = 3600000
	delegation.token.expiry.time.ms = 86400000
	delegation.token.master.key = null
	delegation.token.max.lifetime.ms = 604800000
	delegation.token.secret.key = null
	delete.records.purgatory.purge.interval.requests = 1
	delete.topic.enable = true
	fetch.max.bytes = 57671680
	fetch.purgatory.purge.interval.requests = 1000
	group.initial.rebalance.delay.ms = 0
	group.max.session.timeout.ms = 1800000
	group.max.size = 2147483647
	group.min.session.timeout.ms = 6000
	initial.broker.registration.timeout.ms = 60000
	inter.broker.listener.name = null
	inter.broker.protocol.version = 3.2-IV0
	kafka.metrics.polling.interval.secs = 10
	kafka.metrics.reporters = []
	leader.imbalance.check.interval.seconds = 300
	leader.imbalance.per.broker.percentage = 10
	listener.security.protocol.map = PLAINTEXT:PLAINTEXT,SSL:SSL,SASL_PLAINTEXT:SASL_PLAINTEXT,SASL_SSL:SASL_SSL
	listeners = PLAINTEXT://:9092
	log.cleaner.backoff.ms = 15000
	log.cleaner.dedupe.buffer.size = 134217728
	log.cleaner.delete.retention.ms = 86400000
	log.cleaner.enable = true
	log.cleaner.io.buffer.load.factor = 0.9
	log.cleaner.io.buffer.size = 524288
	log.cleaner.io.max.bytes.per.second = 1.7976931348623157E308
	log.cleaner.max.compaction.lag.ms = 9223372036854775807
	log.cleaner.min.cleanable.ratio = 0.5
	log.cleaner.min.compaction.lag.ms = 0
	log.cleaner.threads = 1
	log.cleanup.policy = [delete]
	log.dir = /tmp/kafka-logs
	log.dirs = /tmp/kafka-logs
	log.flush.interval.messages = 9223372036854775807
	log.flush.interval.ms = null
	log.flush.offset.checkpoint.interval.ms = 60000
	log.flush.scheduler.interval.ms = 9223372036854775807
	log.flush.start.offset.checkpoint.interval.ms = 60000
	log.index.interval.bytes = 4096
	log.index.size.max.bytes = 10485760
	log.message.downconversion.enable = true
	log.message.format.version = 3.0-IV1
	log.message.timestamp.difference.max.ms = 9223372036854775807
	log.message.timestamp.type = CreateTime
	log.preallocate = false
	log.retention.bytes = -1
	log.retention.check.interval.ms = 300000
	log.retention.hours = 168
	log.retention.minutes = null
	log.retention.ms = null
	log.roll.hours = 168
	log.roll.jitter.hours = 0
	log.roll.jitter.ms = null
	log.roll.ms = null
	log.segment.bytes = 1073741824
	log.segment.delete.delay.ms = 60000
	max.connection.creation.rate = 2147483647
	max.connections = 2147483647
	max.connections.per.ip = 2147483647
	max.connections.per.ip.overrides = 
	max.incremental.fetch.session.cache.slots = 1000
	message.max.bytes = 1048588
	metadata.log.dir = null
	metadata.log.max.record.bytes.between.snapshots = 20971520
	metadata.log.segment.bytes = 1073741824
	metadata.log.segment.min.bytes = 8388608
	metadata.log.segment.ms = 604800000
	metadata.max.retention.bytes = -1
	metadata.max.retention.ms = 604800000
	metric.reporters = []
	metrics.num.samples = 2
	metrics.recording.level = INFO
	metrics.sample.window.ms = 30000
	min.insync.replicas = 1
	node.id = 0
	num.io.threads = 8
	num.network.threads = 3
	num.partitions = 1
	num.recovery.threads.per.data.dir = 1
	num.replica.alter.log.dirs.threads = null
	num.replica.fetchers = 1
	offset.metadata.max.bytes = 4096
	offsets.commit.required.acks = -1
	offsets.commit.timeout.ms = 5000
	offsets.load.buffer.size = 5242880
	offsets.retention.check.interval.ms = 600000
	offsets.retention.minutes = 10080
	offsets.topic.compression.codec = 0
	offsets.topic.num.partitions = 50
	offsets.topic.replication.factor = 1
	offsets.topic.segment.bytes = 104857600
	password.encoder.cipher.algorithm = AES/CBC/PKCS5Padding
	password.encoder.iterations = 4096
	password.encoder.key.length = 128
	password.encoder.keyfactory.algorithm = null
	password.encoder.old.secret = null
	password.encoder.secret = null
	principal.builder.class = class org.apache.kafka.common.security.authenticator.DefaultKafkaPrincipalBuilder
	process.roles = []
	producer.purgatory.purge.interval.requests = 1000
	queued.max.request.bytes = -1
	queued.max.requests = 500
	quota.window.num = 11
	quota.window.size.seconds = 1
	remote.log.index.file.cache.total.size.bytes = 1073741824
	remote.log.manager.task.interval.ms = 30000
	remote.log.manager.task.retry.backoff.max.ms = 30000
	remote.log.manager.task.retry.backoff.ms = 500
	remote.log.manager.task.retry.jitter = 0.2
	remote.log.manager.thread.pool.size = 10
	remote.log.metadata.manager.class.name = null
	remote.log.metadata.manager.class.path = null
	remote.log.metadata.manager.impl.prefix = null
	remote.log.metadata.manager.listener.name = null
	remote.log.reader.max.pending.tasks = 100
	remote.log.reader.threads = 10
	remote.log.storage.manager.class.name = null
	remote.log.storage.manager.class.path = null
	remote.log.storage.manager.impl.prefix = null
	remote.log.storage.system.enable = false
	replica.fetch.backoff.ms = 1000
	replica.fetch.max.bytes = 1048576
	replica.fetch.min.bytes = 1
	replica.fetch.response.max.bytes = 10485760
	replica.fetch.wait.max.ms = 500
	replica.high.watermark.checkpoint.interval.ms = 5000
	replica.lag.time.max.ms = 30000
	replica.selector.class = null
	replica.socket.receive.buffer.bytes = 65536
	replica.socket.timeout.ms = 30000
	replication.quota.window.num = 11
	replication.quota.window.size.seconds = 1
	request.timeout.ms = 30000
	reserved.broker.max.id = 1000
	sasl.client.callback.handler.class = null
	sasl.enabled.mechanisms = [GSSAPI]
	sasl.jaas.config = null
	sasl.kerberos.kinit.cmd = /usr/bin/kinit
	sasl.kerberos.min.time.before.relogin = 60000
	sasl.kerberos.principal.to.local.rules = [DEFAULT]
	sasl.kerberos.service.name = null
	sasl.kerberos.ticket.renew.jitter = 0.05
	sasl.kerberos.ticket.renew.window.factor = 0.8
	sasl.login.callback.handler.class = null
	sasl.login.class = null
	sasl.login.connect.timeout.ms = null
	sasl.login.read.timeout.ms = null
	sasl.login.refresh.buffer.seconds = 300
	sasl.login.refresh.min.period.seconds = 60
	sasl.login.refresh.window.factor = 0.8
	sasl.login.refresh.window.jitter = 0.05
	sasl.login.retry.backoff.max.ms = 10000
	sasl.login.retry.backoff.ms = 100
	sasl.mechanism.controller.protocol = GSSAPI
	sasl.mechanism.inter.broker.protocol = GSSAPI
	sasl.oauthbearer.clock.skew.seconds = 30
	sasl.oauthbearer.expected.audience = null
	sasl.oauthbearer.expected.issuer = null
	sasl.oauthbearer.jwks.endpoint.refresh.ms = 3600000
	sasl.oauthbearer.jwks.endpoint.retry.backoff.max.ms = 10000
	sasl.oauthbearer.jwks.endpoint.retry.backoff.ms = 100
	sasl.oauthbearer.jwks.endpoint.url = null
	sasl.oauthbearer.scope.claim.name = scope
	sasl.oauthbearer.sub.claim.name = sub
	sasl.oauthbearer.token.endpoint.url = null
	sasl.server.callback.handler.class = null
	security.inter.broker.protocol = PLAINTEXT
	security.providers = null
	socket.connection.setup.timeout.max.ms = 30000
	socket.connection.setup.timeout.ms = 10000
	socket.listen.backlog.size = 50
	socket.receive.buffer.bytes = 102400
	socket.request.max.bytes = 104857600
	socket.send.buffer.bytes = 102400
	ssl.cipher.suites = []
	ssl.client.auth = none
	ssl.enabled.protocols = [TLSv1.2]
	ssl.endpoint.identification.algorithm = https
	ssl.engine.factory.class = null
	ssl.key.password = null
	ssl.keymanager.algorithm = SunX509
	ssl.keystore.certificate.chain = null
	ssl.keystore.key = null
	ssl.keystore.location = null
	ssl.keystore.password = null
	ssl.keystore.type = JKS
	ssl.principal.mapping.rules = DEFAULT
	ssl.protocol = TLSv1.2
	ssl.provider = null
	ssl.secure.random.implementation = null
	ssl.trustmanager.algorithm = PKIX
	ssl.truststore.certificates = null
	ssl.truststore.location = null
	ssl.truststore.password = null
	ssl.truststore.type = JKS
	transaction.abort.timed.out.transaction.cleanup.interval.ms = 10000
	transaction.max.timeout.ms = 900000
	transaction.remove.expired.transaction.cleanup.interval.ms = 3600000
	transaction.state.log.load.buffer.size = 5242880
	transaction.state.log.min.isr = 1
	transaction.state.log.num.partitions = 50
	transaction.state.log.replication.factor = 1
	transaction.state.log.segment.bytes = 104857600
	transactional.id.expiration.ms = 604800000
	unclean.leader.election.enable = false
	zookeeper.clientCnxnSocket = null
	zookeeper.connect = localhost:2181
	zookeeper.connection.timeout.ms = 18000
	zookeeper.max.in.flight.requests = 10
	zookeeper.session.timeout.ms = 18000
	zookeeper.set.acl = false
	zookeeper.ssl.cipher.suites = null
	zookeeper.ssl.client.enable = false
	zookeeper.ssl.crl.enable = false
	zookeeper.ssl.enabled.protocols = null
	zookeeper.ssl.endpoint.identification.algorithm = HTTPS
	zookeeper.ssl.keystore.location = null
	zookeeper.ssl.keystore.password = null
	zookeeper.ssl.keystore.type = null
	zookeeper.ssl.ocsp.enable = false
	zookeeper.ssl.protocol = TLSv1.2
	zookeeper.ssl.truststore.location = null
	zookeeper.ssl.truststore.password = null
	zookeeper.ssl.truststore.type = null
 (kafka.server.KafkaConfig)
[2022-07-18 12:07:54,085] INFO [ThrottledChannelReaper-Fetch]: Starting (kafka.server.ClientQuotaManager$ThrottledChannelReaper)
[2022-07-18 12:07:54,087] INFO [ThrottledChannelReaper-Produce]: Starting (kafka.server.ClientQuotaManager$ThrottledChannelReaper)
[2022-07-18 12:07:54,089] INFO [ThrottledChannelReaper-Request]: Starting (kafka.server.ClientQuotaManager$ThrottledChannelReaper)
[2022-07-18 12:07:54,089] INFO [ThrottledChannelReaper-ControllerMutation]: Starting (kafka.server.ClientQuotaManager$ThrottledChannelReaper)
[2022-07-18 12:07:54,128] INFO Loading logs from log dirs ArrayBuffer(D:\tmp\kafka-logs) (kafka.log.LogManager)
[2022-07-18 12:07:54,131] INFO Attempting recovery for all logs in D:\tmp\kafka-logs since no clean shutdown file was found (kafka.log.LogManager)
[2022-07-18 12:07:54,143] INFO Loaded 0 logs in 15ms. (kafka.log.LogManager)
[2022-07-18 12:07:54,144] INFO Starting log cleanup with a period of 300000 ms. (kafka.log.LogManager)
[2022-07-18 12:07:54,148] INFO Starting log flusher with a default period of 9223372036854775807 ms. (kafka.log.LogManager)
[2022-07-18 12:07:54,468] INFO [BrokerToControllerChannelManager broker=0 name=forwarding]: Starting (kafka.server.BrokerToControllerRequestThread)
[2022-07-18 12:07:54,654] INFO Updated connection-accept-rate max connection creation rate to 2147483647 (kafka.network.ConnectionQuotas)
[2022-07-18 12:07:54,657] INFO Awaiting socket connections on 0.0.0.0:9092. (kafka.network.DataPlaneAcceptor)
[2022-07-18 12:07:54,687] INFO [SocketServer listenerType=ZK_BROKER, nodeId=0] Created data-plane acceptor and processors for endpoint : ListenerName(PLAINTEXT) (kafka.network.SocketServer)
[2022-07-18 12:07:54,702] INFO [BrokerToControllerChannelManager broker=0 name=alterPartition]: Starting (kafka.server.BrokerToControllerRequestThread)
[2022-07-18 12:07:54,730] INFO [ExpirationReaper-0-Produce]: Starting (kafka.server.DelayedOperationPurgatory$ExpiredOperationReaper)
[2022-07-18 12:07:54,733] INFO [ExpirationReaper-0-Fetch]: Starting (kafka.server.DelayedOperationPurgatory$ExpiredOperationReaper)
[2022-07-18 12:07:54,735] INFO [ExpirationReaper-0-DeleteRecords]: Starting (kafka.server.DelayedOperationPurgatory$ExpiredOperationReaper)
[2022-07-18 12:07:54,737] INFO [ExpirationReaper-0-ElectLeader]: Starting (kafka.server.DelayedOperationPurgatory$ExpiredOperationReaper)
[2022-07-18 12:07:54,755] INFO [LogDirFailureHandler]: Starting (kafka.server.ReplicaManager$LogDirFailureHandler)
[2022-07-18 12:07:54,807] INFO Creating /brokers/ids/0 (is it secure? false) (kafka.zk.KafkaZkClient)
[2022-07-18 12:07:54,829] ERROR Error while creating ephemeral at /brokers/ids/0, node already exists and owner '72058069082570752' does not match current session '72058116798087168' (kafka.zk.KafkaZkClient$CheckedEphemeral)
[2022-07-18 12:07:54,845] ERROR [KafkaServer id=0] Fatal error during KafkaServer startup. Prepare to shutdown (kafka.server.KafkaServer)
org.apache.zookeeper.KeeperException$NodeExistsException: KeeperErrorCode = NodeExists
	at org.apache.zookeeper.KeeperException.create(KeeperException.java:126)
	at kafka.zk.KafkaZkClient$CheckedEphemeral.getAfterNodeExists(KafkaZkClient.scala:1903)
	at kafka.zk.KafkaZkClient$CheckedEphemeral.create(KafkaZkClient.scala:1841)
	at kafka.zk.KafkaZkClient.checkedEphemeralCreate(KafkaZkClient.scala:1808)
	at kafka.zk.KafkaZkClient.registerBroker(KafkaZkClient.scala:96)
	at kafka.server.KafkaServer.startup(KafkaServer.scala:332)
	at kafka.Kafka$.main(Kafka.scala:109)
	at kafka.Kafka.main(Kafka.scala)
[2022-07-18 12:07:54,847] INFO [KafkaServer id=0] shutting down (kafka.server.KafkaServer)
[2022-07-18 12:07:54,856] INFO [SocketServer listenerType=ZK_BROKER, nodeId=0] Stopping socket server request processors (kafka.network.SocketServer)
[2022-07-18 12:07:54,870] INFO [SocketServer listenerType=ZK_BROKER, nodeId=0] Stopped socket server request processors (kafka.network.SocketServer)
[2022-07-18 12:07:54,883] INFO [ReplicaManager broker=0] Shutting down (kafka.server.ReplicaManager)
[2022-07-18 12:07:54,887] INFO [LogDirFailureHandler]: Shutting down (kafka.server.ReplicaManager$LogDirFailureHandler)
[2022-07-18 12:07:54,889] INFO [LogDirFailureHandler]: Shutdown completed (kafka.server.ReplicaManager$LogDirFailureHandler)
[2022-07-18 12:07:54,889] INFO [LogDirFailureHandler]: Stopped (kafka.server.ReplicaManager$LogDirFailureHandler)
[2022-07-18 12:07:54,892] INFO [ReplicaFetcherManager on broker 0] shutting down (kafka.server.ReplicaFetcherManager)
[2022-07-18 12:07:54,901] INFO [ReplicaFetcherManager on broker 0] shutdown completed (kafka.server.ReplicaFetcherManager)
[2022-07-18 12:07:54,903] INFO [ReplicaAlterLogDirsManager on broker 0] shutting down (kafka.server.ReplicaAlterLogDirsManager)
[2022-07-18 12:07:54,905] INFO [ReplicaAlterLogDirsManager on broker 0] shutdown completed (kafka.server.ReplicaAlterLogDirsManager)
[2022-07-18 12:07:54,905] INFO [ExpirationReaper-0-Fetch]: Shutting down (kafka.server.DelayedOperationPurgatory$ExpiredOperationReaper)
[2022-07-18 12:07:54,913] INFO [ExpirationReaper-0-Fetch]: Stopped (kafka.server.DelayedOperationPurgatory$ExpiredOperationReaper)
[2022-07-18 12:07:54,913] INFO [ExpirationReaper-0-Fetch]: Shutdown completed (kafka.server.DelayedOperationPurgatory$ExpiredOperationReaper)
[2022-07-18 12:07:54,917] INFO [ExpirationReaper-0-Produce]: Shutting down (kafka.server.DelayedOperationPurgatory$ExpiredOperationReaper)
[2022-07-18 12:07:54,920] INFO [ExpirationReaper-0-Produce]: Stopped (kafka.server.DelayedOperationPurgatory$ExpiredOperationReaper)
[2022-07-18 12:07:54,920] INFO [ExpirationReaper-0-Produce]: Shutdown completed (kafka.server.DelayedOperationPurgatory$ExpiredOperationReaper)
[2022-07-18 12:07:54,924] INFO [ExpirationReaper-0-DeleteRecords]: Shutting down (kafka.server.DelayedOperationPurgatory$ExpiredOperationReaper)
[2022-07-18 12:07:54,930] INFO [ExpirationReaper-0-DeleteRecords]: Stopped (kafka.server.DelayedOperationPurgatory$ExpiredOperationReaper)
[2022-07-18 12:07:54,930] INFO [ExpirationReaper-0-DeleteRecords]: Shutdown completed (kafka.server.DelayedOperationPurgatory$ExpiredOperationReaper)
[2022-07-18 12:07:54,934] INFO [ExpirationReaper-0-ElectLeader]: Shutting down (kafka.server.DelayedOperationPurgatory$ExpiredOperationReaper)
[2022-07-18 12:07:54,937] INFO [ExpirationReaper-0-ElectLeader]: Stopped (kafka.server.DelayedOperationPurgatory$ExpiredOperationReaper)
[2022-07-18 12:07:54,937] INFO [ExpirationReaper-0-ElectLeader]: Shutdown completed (kafka.server.DelayedOperationPurgatory$ExpiredOperationReaper)
[2022-07-18 12:07:54,965] INFO [ReplicaManager broker=0] Shut down completely (kafka.server.ReplicaManager)
[2022-07-18 12:07:54,967] INFO [BrokerToControllerChannelManager broker=0 name=alterPartition]: Shutting down (kafka.server.BrokerToControllerRequestThread)
[2022-07-18 12:07:54,968] INFO [BrokerToControllerChannelManager broker=0 name=alterPartition]: Stopped (kafka.server.BrokerToControllerRequestThread)
[2022-07-18 12:07:54,968] INFO [BrokerToControllerChannelManager broker=0 name=alterPartition]: Shutdown completed (kafka.server.BrokerToControllerRequestThread)
[2022-07-18 12:07:54,995] INFO Broker to controller channel manager for alterPartition shutdown (kafka.server.BrokerToControllerChannelManagerImpl)
[2022-07-18 12:07:54,999] INFO [BrokerToControllerChannelManager broker=0 name=forwarding]: Shutting down (kafka.server.BrokerToControllerRequestThread)
[2022-07-18 12:07:55,006] INFO [BrokerToControllerChannelManager broker=0 name=forwarding]: Stopped (kafka.server.BrokerToControllerRequestThread)
[2022-07-18 12:07:55,006] INFO [BrokerToControllerChannelManager broker=0 name=forwarding]: Shutdown completed (kafka.server.BrokerToControllerRequestThread)
[2022-07-18 12:07:55,011] INFO Broker to controller channel manager for forwarding shutdown (kafka.server.BrokerToControllerChannelManagerImpl)
[2022-07-18 12:07:55,014] INFO Shutting down. (kafka.log.LogManager)
[2022-07-18 12:07:55,098] INFO Shutdown complete. (kafka.log.LogManager)
[2022-07-18 12:07:55,100] INFO [feature-zk-node-event-process-thread]: Shutting down (kafka.server.FinalizedFeatureChangeListener$ChangeNotificationProcessorThread)
[2022-07-18 12:07:55,113] INFO [feature-zk-node-event-process-thread]: Stopped (kafka.server.FinalizedFeatureChangeListener$ChangeNotificationProcessorThread)
[2022-07-18 12:07:55,114] INFO [feature-zk-node-event-process-thread]: Shutdown completed (kafka.server.FinalizedFeatureChangeListener$ChangeNotificationProcessorThread)
[2022-07-18 12:07:55,128] INFO [ZooKeeperClient Kafka server] Closing. (kafka.zookeeper.ZooKeeperClient)
[2022-07-18 12:07:55,252] INFO Session: 0x1000079b6ef0000 closed (org.apache.zookeeper.ZooKeeper)
[2022-07-18 12:07:55,252] INFO EventThread shut down for session: 0x1000079b6ef0000 (org.apache.zookeeper.ClientCnxn)
[2022-07-18 12:07:55,256] INFO [ZooKeeperClient Kafka server] Closed. (kafka.zookeeper.ZooKeeperClient)
[2022-07-18 12:07:55,268] INFO [ThrottledChannelReaper-Fetch]: Shutting down (kafka.server.ClientQuotaManager$ThrottledChannelReaper)
[2022-07-18 12:07:55,273] INFO [ThrottledChannelReaper-Fetch]: Stopped (kafka.server.ClientQuotaManager$ThrottledChannelReaper)
[2022-07-18 12:07:55,273] INFO [ThrottledChannelReaper-Fetch]: Shutdown completed (kafka.server.ClientQuotaManager$ThrottledChannelReaper)
[2022-07-18 12:07:55,276] INFO [ThrottledChannelReaper-Produce]: Shutting down (kafka.server.ClientQuotaManager$ThrottledChannelReaper)
[2022-07-18 12:07:55,285] INFO [ThrottledChannelReaper-Produce]: Stopped (kafka.server.ClientQuotaManager$ThrottledChannelReaper)
[2022-07-18 12:07:55,285] INFO [ThrottledChannelReaper-Produce]: Shutdown completed (kafka.server.ClientQuotaManager$ThrottledChannelReaper)
[2022-07-18 12:07:55,292] INFO [ThrottledChannelReaper-Request]: Shutting down (kafka.server.ClientQuotaManager$ThrottledChannelReaper)
[2022-07-18 12:07:55,295] INFO [ThrottledChannelReaper-Request]: Stopped (kafka.server.ClientQuotaManager$ThrottledChannelReaper)
[2022-07-18 12:07:55,296] INFO [ThrottledChannelReaper-Request]: Shutdown completed (kafka.server.ClientQuotaManager$ThrottledChannelReaper)
[2022-07-18 12:07:55,300] INFO [ThrottledChannelReaper-ControllerMutation]: Shutting down (kafka.server.ClientQuotaManager$ThrottledChannelReaper)
[2022-07-18 12:07:55,303] INFO [ThrottledChannelReaper-ControllerMutation]: Stopped (kafka.server.ClientQuotaManager$ThrottledChannelReaper)
[2022-07-18 12:07:55,303] INFO [ThrottledChannelReaper-ControllerMutation]: Shutdown completed (kafka.server.ClientQuotaManager$ThrottledChannelReaper)
[2022-07-18 12:07:55,311] INFO [SocketServer listenerType=ZK_BROKER, nodeId=0] Shutting down socket server (kafka.network.SocketServer)
[2022-07-18 12:07:55,398] INFO [SocketServer listenerType=ZK_BROKER, nodeId=0] Shutdown completed (kafka.network.SocketServer)
[2022-07-18 12:07:55,398] INFO Metrics scheduler closed (org.apache.kafka.common.metrics.Metrics)
[2022-07-18 12:07:55,399] INFO Closing reporter org.apache.kafka.common.metrics.JmxReporter (org.apache.kafka.common.metrics.Metrics)
[2022-07-18 12:07:55,402] INFO Metrics reporters closed (org.apache.kafka.common.metrics.Metrics)
[2022-07-18 12:07:55,406] INFO Broker and topic stats closed (kafka.server.BrokerTopicStats)
[2022-07-18 12:07:55,411] INFO App info kafka.server for 0 unregistered (org.apache.kafka.common.utils.AppInfoParser)
[2022-07-18 12:07:55,413] INFO [KafkaServer id=0] shut down completed (kafka.server.KafkaServer)
[2022-07-18 12:07:55,413] ERROR Exiting Kafka. (kafka.Kafka$)
[2022-07-18 12:07:55,417] INFO [KafkaServer id=0] shutting down (kafka.server.KafkaServer)
[2022-07-18 12:08:01,308] INFO Expiring session 0x100006e9ade0000, timeout of 18000ms exceeded (org.apache.zookeeper.server.ZooKeeperServer)
[2022-07-18 12:08:11,504] INFO Reading configuration from: config/zookeeper.properties (org.apache.zookeeper.server.quorum.QuorumPeerConfig)
[2022-07-18 12:08:11,506] WARN config\zookeeper.properties is relative. Prepend .\ to indicate that you're sure! (org.apache.zookeeper.server.quorum.QuorumPeerConfig)
[2022-07-18 12:08:11,508] WARN \tmp\zookeeper is relative. Prepend .\ to indicate that you're sure! (org.apache.zookeeper.server.quorum.QuorumPeerConfig)
[2022-07-18 12:08:11,512] INFO clientPortAddress is 0.0.0.0:2181 (org.apache.zookeeper.server.quorum.QuorumPeerConfig)
[2022-07-18 12:08:11,512] INFO secureClientPort is not set (org.apache.zookeeper.server.quorum.QuorumPeerConfig)
[2022-07-18 12:08:11,512] INFO observerMasterPort is not set (org.apache.zookeeper.server.quorum.QuorumPeerConfig)
[2022-07-18 12:08:11,514] INFO metricsProvider.className is org.apache.zookeeper.metrics.impl.DefaultMetricsProvider (org.apache.zookeeper.server.quorum.QuorumPeerConfig)
[2022-07-18 12:08:11,517] INFO autopurge.snapRetainCount set to 3 (org.apache.zookeeper.server.DatadirCleanupManager)
[2022-07-18 12:08:11,517] INFO autopurge.purgeInterval set to 0 (org.apache.zookeeper.server.DatadirCleanupManager)
[2022-07-18 12:08:11,518] INFO Purge task is not scheduled. (org.apache.zookeeper.server.DatadirCleanupManager)
[2022-07-18 12:08:11,518] WARN Either no config or no quorum defined in config, running in standalone mode (org.apache.zookeeper.server.quorum.QuorumPeerMain)
[2022-07-18 12:08:11,519] INFO Log4j 1.2 jmx support not found; jmx disabled. (org.apache.zookeeper.jmx.ManagedUtil)
[2022-07-18 12:08:11,520] INFO Reading configuration from: config/zookeeper.properties (org.apache.zookeeper.server.quorum.QuorumPeerConfig)
[2022-07-18 12:08:11,521] WARN config\zookeeper.properties is relative. Prepend .\ to indicate that you're sure! (org.apache.zookeeper.server.quorum.QuorumPeerConfig)
[2022-07-18 12:08:11,521] WARN \tmp\zookeeper is relative. Prepend .\ to indicate that you're sure! (org.apache.zookeeper.server.quorum.QuorumPeerConfig)
[2022-07-18 12:08:11,521] INFO clientPortAddress is 0.0.0.0:2181 (org.apache.zookeeper.server.quorum.QuorumPeerConfig)
[2022-07-18 12:08:11,522] INFO secureClientPort is not set (org.apache.zookeeper.server.quorum.QuorumPeerConfig)
[2022-07-18 12:08:11,522] INFO observerMasterPort is not set (org.apache.zookeeper.server.quorum.QuorumPeerConfig)
[2022-07-18 12:08:11,522] INFO metricsProvider.className is org.apache.zookeeper.metrics.impl.DefaultMetricsProvider (org.apache.zookeeper.server.quorum.QuorumPeerConfig)
[2022-07-18 12:08:11,522] INFO Starting server (org.apache.zookeeper.server.ZooKeeperServerMain)
[2022-07-18 12:08:11,536] INFO ServerMetrics initialized with provider org.apache.zookeeper.metrics.impl.DefaultMetricsProvider@22f71333 (org.apache.zookeeper.server.ServerMetrics)
[2022-07-18 12:08:11,539] INFO zookeeper.snapshot.trust.empty : false (org.apache.zookeeper.server.persistence.FileTxnSnapLog)
[2022-07-18 12:08:11,559] INFO  (org.apache.zookeeper.server.ZooKeeperServer)
[2022-07-18 12:08:11,560] INFO   ______                  _                                           (org.apache.zookeeper.server.ZooKeeperServer)
[2022-07-18 12:08:11,560] INFO  |___  /                 | |                                          (org.apache.zookeeper.server.ZooKeeperServer)
[2022-07-18 12:08:11,562] INFO     / /    ___     ___   | | __   ___    ___   _ __     ___   _ __    (org.apache.zookeeper.server.ZooKeeperServer)
[2022-07-18 12:08:11,563] INFO    / /    / _ \   / _ \  | |/ /  / _ \  / _ \ | '_ \   / _ \ | '__| (org.apache.zookeeper.server.ZooKeeperServer)
[2022-07-18 12:08:11,566] INFO   / /__  | (_) | | (_) | |   <  |  __/ |  __/ | |_) | |  __/ | |     (org.apache.zookeeper.server.ZooKeeperServer)
[2022-07-18 12:08:11,566] INFO  /_____|  \___/   \___/  |_|\_\  \___|  \___| | .__/   \___| |_| (org.apache.zookeeper.server.ZooKeeperServer)
[2022-07-18 12:08:11,566] INFO                                               | |                      (org.apache.zookeeper.server.ZooKeeperServer)
[2022-07-18 12:08:11,567] INFO                                               |_|                      (org.apache.zookeeper.server.ZooKeeperServer)
[2022-07-18 12:08:11,567] INFO  (org.apache.zookeeper.server.ZooKeeperServer)
[2022-07-18 12:08:11,570] INFO Server environment:zookeeper.version=3.6.3--6401e4ad2087061bc6b9f80dec2d69f2e3c8660a, built on 04/08/2021 16:35 GMT (org.apache.zookeeper.server.ZooKeeperServer)
[2022-07-18 12:08:11,570] INFO Server environment:host.name=LTILBLR20500272.lntinfotech.com (org.apache.zookeeper.server.ZooKeeperServer)
[2022-07-18 12:08:11,571] INFO Server environment:java.version=1.8.0-262 (org.apache.zookeeper.server.ZooKeeperServer)
[2022-07-18 12:08:11,571] INFO Server environment:java.vendor=OpenLogic-OpenJDK (org.apache.zookeeper.server.ZooKeeperServer)
[2022-07-18 12:08:11,572] INFO Server environment:java.home=D:\Applns\openlogic-openjdk-8u262-b10-windows-x64\openlogic-openjdk-8u262-b10-win-64\jre (org.apache.zookeeper.server.ZooKeeperServer)
[2022-07-18 12:08:11,572] INFO Server environment:java.class.path=D:\Applns\kafka-tool\kafka_2.12-3.2.0\libs\activation-1.1.1.jar;D:\Applns\kafka-tool\kafka_2.12-3.2.0\libs\aopalliance-repackaged-2.6.1.jar;D:\Applns\kafka-tool\kafka_2.12-3.2.0\libs\argparse4j-0.7.0.jar;D:\Applns\kafka-tool\kafka_2.12-3.2.0\libs\audience-annotations-0.5.0.jar;D:\Applns\kafka-tool\kafka_2.12-3.2.0\libs\commons-cli-1.4.jar;D:\Applns\kafka-tool\kafka_2.12-3.2.0\libs\commons-lang3-3.8.1.jar;D:\Applns\kafka-tool\kafka_2.12-3.2.0\libs\connect-api-3.2.0.jar;D:\Applns\kafka-tool\kafka_2.12-3.2.0\libs\connect-basic-auth-extension-3.2.0.jar;D:\Applns\kafka-tool\kafka_2.12-3.2.0\libs\connect-file-3.2.0.jar;D:\Applns\kafka-tool\kafka_2.12-3.2.0\libs\connect-json-3.2.0.jar;D:\Applns\kafka-tool\kafka_2.12-3.2.0\libs\connect-mirror-3.2.0.jar;D:\Applns\kafka-tool\kafka_2.12-3.2.0\libs\connect-mirror-client-3.2.0.jar;D:\Applns\kafka-tool\kafka_2.12-3.2.0\libs\connect-runtime-3.2.0.jar;D:\Applns\kafka-tool\kafka_2.12-3.2.0\libs\connect-transforms-3.2.0.jar;D:\Applns\kafka-tool\kafka_2.12-3.2.0\libs\hk2-api-2.6.1.jar;D:\Applns\kafka-tool\kafka_2.12-3.2.0\libs\hk2-locator-2.6.1.jar;D:\Applns\kafka-tool\kafka_2.12-3.2.0\libs\hk2-utils-2.6.1.jar;D:\Applns\kafka-tool\kafka_2.12-3.2.0\libs\jackson-annotations-2.12.6.jar;D:\Applns\kafka-tool\kafka_2.12-3.2.0\libs\jackson-core-2.12.6.jar;D:\Applns\kafka-tool\kafka_2.12-3.2.0\libs\jackson-databind-2.12.6.1.jar;D:\Applns\kafka-tool\kafka_2.12-3.2.0\libs\jackson-dataformat-csv-2.12.6.jar;D:\Applns\kafka-tool\kafka_2.12-3.2.0\libs\jackson-datatype-jdk8-2.12.6.jar;D:\Applns\kafka-tool\kafka_2.12-3.2.0\libs\jackson-jaxrs-base-2.12.6.jar;D:\Applns\kafka-tool\kafka_2.12-3.2.0\libs\jackson-jaxrs-json-provider-2.12.6.jar;D:\Applns\kafka-tool\kafka_2.12-3.2.0\libs\jackson-module-jaxb-annotations-2.12.6.jar;D:\Applns\kafka-tool\kafka_2.12-3.2.0\libs\jackson-module-scala_2.12-2.12.6.jar;D:\Applns\kafka-tool\kafka_2.12-3.2.0\libs\jakarta.activation-api-1.2.1.jar;D:\Applns\kafka-tool\kafka_2.12-3.2.0\libs\jakarta.annotation-api-1.3.5.jar;D:\Applns\kafka-tool\kafka_2.12-3.2.0\libs\jakarta.inject-2.6.1.jar;D:\Applns\kafka-tool\kafka_2.12-3.2.0\libs\jakarta.validation-api-2.0.2.jar;D:\Applns\kafka-tool\kafka_2.12-3.2.0\libs\jakarta.ws.rs-api-2.1.6.jar;D:\Applns\kafka-tool\kafka_2.12-3.2.0\libs\jakarta.xml.bind-api-2.3.2.jar;D:\Applns\kafka-tool\kafka_2.12-3.2.0\libs\javassist-3.27.0-GA.jar;D:\Applns\kafka-tool\kafka_2.12-3.2.0\libs\javax.servlet-api-3.1.0.jar;D:\Applns\kafka-tool\kafka_2.12-3.2.0\libs\javax.ws.rs-api-2.1.1.jar;D:\Applns\kafka-tool\kafka_2.12-3.2.0\libs\jaxb-api-2.3.0.jar;D:\Applns\kafka-tool\kafka_2.12-3.2.0\libs\jersey-client-2.34.jar;D:\Applns\kafka-tool\kafka_2.12-3.2.0\libs\jersey-common-2.34.jar;D:\Applns\kafka-tool\kafka_2.12-3.2.0\libs\jersey-container-servlet-2.34.jar;D:\Applns\kafka-tool\kafka_2.12-3.2.0\libs\jersey-container-servlet-core-2.34.jar;D:\Applns\kafka-tool\kafka_2.12-3.2.0\libs\jersey-hk2-2.34.jar;D:\Applns\kafka-tool\kafka_2.12-3.2.0\libs\jersey-server-2.34.jar;D:\Applns\kafka-tool\kafka_2.12-3.2.0\libs\jetty-client-9.4.44.v20210927.jar;D:\Applns\kafka-tool\kafka_2.12-3.2.0\libs\jetty-continuation-9.4.44.v20210927.jar;D:\Applns\kafka-tool\kafka_2.12-3.2.0\libs\jetty-http-9.4.44.v20210927.jar;D:\Applns\kafka-tool\kafka_2.12-3.2.0\libs\jetty-io-9.4.44.v20210927.jar;D:\Applns\kafka-tool\kafka_2.12-3.2.0\libs\jetty-security-9.4.44.v20210927.jar;D:\Applns\kafka-tool\kafka_2.12-3.2.0\libs\jetty-server-9.4.44.v20210927.jar;D:\Applns\kafka-tool\kafka_2.12-3.2.0\libs\jetty-servlet-9.4.44.v20210927.jar;D:\Applns\kafka-tool\kafka_2.12-3.2.0\libs\jetty-servlets-9.4.44.v20210927.jar;D:\Applns\kafka-tool\kafka_2.12-3.2.0\libs\jetty-util-9.4.44.v20210927.jar;D:\Applns\kafka-tool\kafka_2.12-3.2.0\libs\jetty-util-ajax-9.4.44.v20210927.jar;D:\Applns\kafka-tool\kafka_2.12-3.2.0\libs\jline-3.21.0.jar;D:\Applns\kafka-tool\kafka_2.12-3.2.0\libs\jopt-simple-5.0.4.jar;D:\Applns\kafka-tool\kafka_2.12-3.2.0\libs\jose4j-0.7.9.jar;D:\Applns\kafka-tool\kafka_2.12-3.2.0\libs\kafka-clients-3.2.0.jar;D:\Applns\kafka-tool\kafka_2.12-3.2.0\libs\kafka-log4j-appender-3.2.0.jar;D:\Applns\kafka-tool\kafka_2.12-3.2.0\libs\kafka-metadata-3.2.0.jar;D:\Applns\kafka-tool\kafka_2.12-3.2.0\libs\kafka-raft-3.2.0.jar;D:\Applns\kafka-tool\kafka_2.12-3.2.0\libs\kafka-server-common-3.2.0.jar;D:\Applns\kafka-tool\kafka_2.12-3.2.0\libs\kafka-shell-3.2.0.jar;D:\Applns\kafka-tool\kafka_2.12-3.2.0\libs\kafka-storage-3.2.0.jar;D:\Applns\kafka-tool\kafka_2.12-3.2.0\libs\kafka-storage-api-3.2.0.jar;D:\Applns\kafka-tool\kafka_2.12-3.2.0\libs\kafka-streams-3.2.0.jar;D:\Applns\kafka-tool\kafka_2.12-3.2.0\libs\kafka-streams-examples-3.2.0.jar;D:\Applns\kafka-tool\kafka_2.12-3.2.0\libs\kafka-streams-scala_2.12-3.2.0.jar;D:\Applns\kafka-tool\kafka_2.12-3.2.0\libs\kafka-streams-test-utils-3.2.0.jar;D:\Applns\kafka-tool\kafka_2.12-3.2.0\libs\kafka-tools-3.2.0.jar;D:\Applns\kafka-tool\kafka_2.12-3.2.0\libs\kafka_2.12-3.2.0.jar;D:\Applns\kafka-tool\kafka_2.12-3.2.0\libs\lz4-java-1.8.0.jar;D:\Applns\kafka-tool\kafka_2.12-3.2.0\libs\maven-artifact-3.8.4.jar;D:\Applns\kafka-tool\kafka_2.12-3.2.0\libs\metrics-core-2.2.0.jar;D:\Applns\kafka-tool\kafka_2.12-3.2.0\libs\metrics-core-4.1.12.1.jar;D:\Applns\kafka-tool\kafka_2.12-3.2.0\libs\netty-buffer-4.1.73.Final.jar;D:\Applns\kafka-tool\kafka_2.12-3.2.0\libs\netty-codec-4.1.73.Final.jar;D:\Applns\kafka-tool\kafka_2.12-3.2.0\libs\netty-common-4.1.73.Final.jar;D:\Applns\kafka-tool\kafka_2.12-3.2.0\libs\netty-handler-4.1.73.Final.jar;D:\Applns\kafka-tool\kafka_2.12-3.2.0\libs\netty-resolver-4.1.73.Final.jar;D:\Applns\kafka-tool\kafka_2.12-3.2.0\libs\netty-tcnative-classes-2.0.46.Final.jar;D:\Applns\kafka-tool\kafka_2.12-3.2.0\libs\netty-transport-4.1.73.Final.jar;D:\Applns\kafka-tool\kafka_2.12-3.2.0\libs\netty-transport-classes-epoll-4.1.73.Final.jar;D:\Applns\kafka-tool\kafka_2.12-3.2.0\libs\netty-transport-native-epoll-4.1.73.Final.jar;D:\Applns\kafka-tool\kafka_2.12-3.2.0\libs\netty-transport-native-unix-common-4.1.73.Final.jar;D:\Applns\kafka-tool\kafka_2.12-3.2.0\libs\osgi-resource-locator-1.0.3.jar;D:\Applns\kafka-tool\kafka_2.12-3.2.0\libs\paranamer-2.8.jar;D:\Applns\kafka-tool\kafka_2.12-3.2.0\libs\plexus-utils-3.3.0.jar;D:\Applns\kafka-tool\kafka_2.12-3.2.0\libs\reflections-0.9.12.jar;D:\Applns\kafka-tool\kafka_2.12-3.2.0\libs\reload4j-1.2.19.jar;D:\Applns\kafka-tool\kafka_2.12-3.2.0\libs\rocksdbjni-6.29.4.1.jar;D:\Applns\kafka-tool\kafka_2.12-3.2.0\libs\scala-collection-compat_2.12-2.6.0.jar;D:\Applns\kafka-tool\kafka_2.12-3.2.0\libs\scala-java8-compat_2.12-1.0.2.jar;D:\Applns\kafka-tool\kafka_2.12-3.2.0\libs\scala-library-2.12.15.jar;D:\Applns\kafka-tool\kafka_2.12-3.2.0\libs\scala-logging_2.12-3.9.4.jar;D:\Applns\kafka-tool\kafka_2.12-3.2.0\libs\scala-reflect-2.12.15.jar;D:\Applns\kafka-tool\kafka_2.12-3.2.0\libs\slf4j-api-1.7.36.jar;D:\Applns\kafka-tool\kafka_2.12-3.2.0\libs\slf4j-reload4j-1.7.36.jar;D:\Applns\kafka-tool\kafka_2.12-3.2.0\libs\snappy-java-1.1.8.4.jar;D:\Applns\kafka-tool\kafka_2.12-3.2.0\libs\trogdor-3.2.0.jar;D:\Applns\kafka-tool\kafka_2.12-3.2.0\libs\zookeeper-3.6.3.jar;D:\Applns\kafka-tool\kafka_2.12-3.2.0\libs\zookeeper-jute-3.6.3.jar;D:\Applns\kafka-tool\kafka_2.12-3.2.0\libs\zstd-jni-1.5.2-1.jar (org.apache.zookeeper.server.ZooKeeperServer)
[2022-07-18 12:08:11,574] INFO Server environment:java.library.path=D:\Applns\openlogic-openjdk-8u262-b10-windows-x64\openlogic-openjdk-8u262-b10-win-64\bin;C:\Windows\Sun\Java\bin;C:\Windows\system32;C:\Windows;C:\Program Files (x86)\Seclore\FileSecure\Desktop Client;C:\Program Files (x86)\Seclore\FileSecure\Desktop Client\Upgrade Manager;C:\Program Files (x86)\Seclore\FileSecure\Desktop Client;C:\Program Files (x86)\Seclore\FileSecure\Desktop Client\x64;C:\Ruby30-x64\bin;C:\Program Files\Docker\Docker\Resources\bin;C:\Program Files\Common Files\Microsoft Shared\Microsoft Online Services;C:\Program Files (x86)\Common Files\Microsoft Shared\Microsoft Online Services;C:\Windows\system32;C:\Windows;C:\Windows\System32\Wbem;C:\Windows\System32\WindowsPowerShell\v1.0\;C:\Windows\System32\OpenSSH\;C:\Program Files\TortoiseSVN\bin;C:\Program Files (x86)\Sennheiser\SoftphoneSDK\;C:\Program Files\nodejs\;C:\Program Files\TortoiseGit\bin;C:\Program Files\Git\cmd;C:\Program Files\Go\bin;C:\Program Files\Amazon\AWSCLI\bin\;C:\Users\10675580\AppData\Local\Programs\Python\Python37\Scripts\;C:\Users\10675580\AppData\Local\Programs\Python\Python37\;C:\Users\10675580\AppData\Local\Microsoft\WindowsApps;D:\Applns\apache-maven-3.6.3-bin\apache-maven-3.6.3\bin;D:\Applns\vault_1.7.3_windows_amd64;D:\Applns\openlogic-openjdk-8u262-b10-windows-x64\openlogic-openjdk-8u262-b10-win-64\bin;C:\Users\10675580\go\bin;C:\Users\10675580\go\bin;C:\Users\10675580\AppData\Local\Programs\Microsoft VS Code\bin;C:\Users\10675580\AppData\Local\Programs\mongosh\;C:\Program Files\MongoDB\Server\5.0\bin;C:\Users\10675580\.pypirc;C:\Users\10675580\AppData\Local\Google\Cloud SDK\google-cloud-sdk\bin;. (org.apache.zookeeper.server.ZooKeeperServer)
[2022-07-18 12:08:11,574] INFO Server environment:java.io.tmpdir=C:\Users\10675580\AppData\Local\Temp\ (org.apache.zookeeper.server.ZooKeeperServer)
[2022-07-18 12:08:11,574] INFO Server environment:java.compiler=<NA> (org.apache.zookeeper.server.ZooKeeperServer)
[2022-07-18 12:08:11,575] INFO Server environment:os.name=Windows 10 (org.apache.zookeeper.server.ZooKeeperServer)
[2022-07-18 12:08:11,575] INFO Server environment:os.arch=amd64 (org.apache.zookeeper.server.ZooKeeperServer)
[2022-07-18 12:08:11,576] INFO Server environment:os.version=10.0 (org.apache.zookeeper.server.ZooKeeperServer)
[2022-07-18 12:08:11,576] INFO Server environment:user.name=10675580 (org.apache.zookeeper.server.ZooKeeperServer)
[2022-07-18 12:08:11,576] INFO Server environment:user.home=C:\Users\10675580 (org.apache.zookeeper.server.ZooKeeperServer)
[2022-07-18 12:08:11,577] INFO Server environment:user.dir=D:\Applns\kafka-tool\kafka_2.12-3.2.0 (org.apache.zookeeper.server.ZooKeeperServer)
[2022-07-18 12:08:11,580] INFO Server environment:os.memory.free=492MB (org.apache.zookeeper.server.ZooKeeperServer)
[2022-07-18 12:08:11,580] INFO Server environment:os.memory.max=512MB (org.apache.zookeeper.server.ZooKeeperServer)
[2022-07-18 12:08:11,581] INFO Server environment:os.memory.total=512MB (org.apache.zookeeper.server.ZooKeeperServer)
[2022-07-18 12:08:11,581] INFO zookeeper.enableEagerACLCheck = false (org.apache.zookeeper.server.ZooKeeperServer)
[2022-07-18 12:08:11,582] INFO zookeeper.digest.enabled = true (org.apache.zookeeper.server.ZooKeeperServer)
[2022-07-18 12:08:11,582] INFO zookeeper.closeSessionTxn.enabled = true (org.apache.zookeeper.server.ZooKeeperServer)
[2022-07-18 12:08:11,583] INFO zookeeper.flushDelay=0 (org.apache.zookeeper.server.ZooKeeperServer)
[2022-07-18 12:08:11,583] INFO zookeeper.maxWriteQueuePollTime=0 (org.apache.zookeeper.server.ZooKeeperServer)
[2022-07-18 12:08:11,584] INFO zookeeper.maxBatchSize=1000 (org.apache.zookeeper.server.ZooKeeperServer)
[2022-07-18 12:08:11,584] INFO zookeeper.intBufferStartingSizeBytes = 1024 (org.apache.zookeeper.server.ZooKeeperServer)
[2022-07-18 12:08:11,588] INFO Weighed connection throttling is disabled (org.apache.zookeeper.server.BlueThrottle)
[2022-07-18 12:08:11,590] INFO minSessionTimeout set to 6000 (org.apache.zookeeper.server.ZooKeeperServer)
[2022-07-18 12:08:11,590] INFO maxSessionTimeout set to 60000 (org.apache.zookeeper.server.ZooKeeperServer)
[2022-07-18 12:08:11,591] INFO Response cache size is initialized with value 400. (org.apache.zookeeper.server.ResponseCache)
[2022-07-18 12:08:11,591] INFO Response cache size is initialized with value 400. (org.apache.zookeeper.server.ResponseCache)
[2022-07-18 12:08:11,594] INFO zookeeper.pathStats.slotCapacity = 60 (org.apache.zookeeper.server.util.RequestPathMetricsCollector)
[2022-07-18 12:08:11,596] INFO zookeeper.pathStats.slotDuration = 15 (org.apache.zookeeper.server.util.RequestPathMetricsCollector)
[2022-07-18 12:08:11,597] INFO zookeeper.pathStats.maxDepth = 6 (org.apache.zookeeper.server.util.RequestPathMetricsCollector)
[2022-07-18 12:08:11,597] INFO zookeeper.pathStats.initialDelay = 5 (org.apache.zookeeper.server.util.RequestPathMetricsCollector)
[2022-07-18 12:08:11,598] INFO zookeeper.pathStats.delay = 5 (org.apache.zookeeper.server.util.RequestPathMetricsCollector)
[2022-07-18 12:08:11,598] INFO zookeeper.pathStats.enabled = false (org.apache.zookeeper.server.util.RequestPathMetricsCollector)
[2022-07-18 12:08:11,601] INFO The max bytes for all large requests are set to 104857600 (org.apache.zookeeper.server.ZooKeeperServer)
[2022-07-18 12:08:11,602] INFO The large request threshold is set to -1 (org.apache.zookeeper.server.ZooKeeperServer)
[2022-07-18 12:08:11,602] INFO Created server with tickTime 3000 minSessionTimeout 6000 maxSessionTimeout 60000 clientPortListenBacklog -1 datadir \tmp\zookeeper\version-2 snapdir \tmp\zookeeper\version-2 (org.apache.zookeeper.server.ZooKeeperServer)
[2022-07-18 12:08:11,614] INFO Using org.apache.zookeeper.server.NIOServerCnxnFactory as server connection factory (org.apache.zookeeper.server.ServerCnxnFactory)
[2022-07-18 12:08:11,616] WARN maxCnxns is not configured, using default value 0. (org.apache.zookeeper.server.ServerCnxnFactory)
[2022-07-18 12:08:11,618] INFO Configuring NIO connection handler with 10s sessionless connection timeout, 2 selector thread(s), 16 worker threads, and 64 kB direct buffers. (org.apache.zookeeper.server.NIOServerCnxnFactory)
[2022-07-18 12:08:11,621] INFO binding to port 0.0.0.0/0.0.0.0:2181 (org.apache.zookeeper.server.NIOServerCnxnFactory)
[2022-07-18 12:08:11,650] INFO Using org.apache.zookeeper.server.watch.WatchManager as watch manager (org.apache.zookeeper.server.watch.WatchManagerFactory)
[2022-07-18 12:08:11,650] INFO Using org.apache.zookeeper.server.watch.WatchManager as watch manager (org.apache.zookeeper.server.watch.WatchManagerFactory)
[2022-07-18 12:08:11,651] INFO zookeeper.snapshotSizeFactor = 0.33 (org.apache.zookeeper.server.ZKDatabase)
[2022-07-18 12:08:11,651] INFO zookeeper.commitLogCount=500 (org.apache.zookeeper.server.ZKDatabase)
[2022-07-18 12:08:11,657] INFO zookeeper.snapshot.compression.method = CHECKED (org.apache.zookeeper.server.persistence.SnapStream)
[2022-07-18 12:08:11,658] INFO Reading snapshot \tmp\zookeeper\version-2\snapshot.1d (org.apache.zookeeper.server.persistence.FileSnap)
[2022-07-18 12:08:11,666] INFO The digest in the snapshot has digest version of 2, , with zxid as 0x1d, and digest value as 47497534749 (org.apache.zookeeper.server.DataTree)
[2022-07-18 12:08:11,688] INFO ZooKeeper audit is disabled. (org.apache.zookeeper.audit.ZKAuditProvider)
[2022-07-18 12:08:11,688] INFO 18 txns loaded in 14 ms (org.apache.zookeeper.server.persistence.FileTxnSnapLog)
[2022-07-18 12:08:11,689] INFO Snapshot loaded in 38 ms, highest zxid is 0x2f, digest is 42426317825 (org.apache.zookeeper.server.ZKDatabase)
[2022-07-18 12:08:11,692] INFO Snapshotting: 0x2f to \tmp\zookeeper\version-2\snapshot.2f (org.apache.zookeeper.server.persistence.FileTxnSnapLog)
[2022-07-18 12:08:11,705] INFO Snapshot taken in 13 ms (org.apache.zookeeper.server.ZooKeeperServer)
[2022-07-18 12:08:11,737] INFO PrepRequestProcessor (sid:0) started, reconfigEnabled=false (org.apache.zookeeper.server.PrepRequestProcessor)
[2022-07-18 12:08:11,737] INFO zookeeper.request_throttler.shutdownTimeout = 10000 (org.apache.zookeeper.server.RequestThrottler)
[2022-07-18 12:08:11,780] INFO Using checkIntervalMs=60000 maxPerMinute=10000 maxNeverUsedIntervalMs=0 (org.apache.zookeeper.server.ContainerManager)
